<?xml version="1.0" encoding="UTF-8"?>
<robot generator="Robot 5.0.1 (Python 3.10.2 on win32)" generated="20220918 17:10:00.556" rpa="false" schemaversion="3">
<suite id="s1" name="Booking" source="C:\Users\vhassana\automation\Arthrex\main\test\API\booking.robot">
<test id="s1-t1" name="Login to the application" line="8">
<kw name="Login to the booking application" library="booking">
<arg>admin</arg>
<arg>password123</arg>
<msg timestamp="20220918 17:10:03.637" level="INFO">------------login to the application------------</msg>
<msg timestamp="20220918 17:10:03.639" level="INFO">The URL is https://restful-booker.herokuapp.com/auth</msg>
<msg timestamp="20220918 17:10:05.148" level="INFO">login_to_application::Expected 200, Actual Status code : 200 for URL: https://restful-booker.herokuapp.com/auth, Responce Json {'token': '19214892e24954b'}</msg>
<msg timestamp="20220918 17:10:05.150" level="INFO">Login with session ID token=19214892e24954b</msg>
<msg timestamp="20220918 17:10:05.151" level="INFO">{"username": "admin", "password": "password123"}</msg>
<status status="PASS" starttime="20220918 17:10:03.637" endtime="20220918 17:10:05.151"/>
</kw>
<tag>ALL</tag>
<tag>BOOKING</tag>
<tag>SANATY</tag>
<status status="PASS" starttime="20220918 17:10:03.636" endtime="20220918 17:10:05.152"/>
</test>
<test id="s1-t2" name="Create the new booking" line="12">
<kw name="create new booking" library="booking">
<var>${booking_responce}</var>
<var>${booking_data}</var>
<doc>create new booking
:return dict: booking response
:return dict: data for creating booking</doc>
<msg timestamp="20220918 17:10:05.154" level="INFO">----------create new booking--------------------</msg>
<msg timestamp="20220918 17:10:05.256" level="INFO">The URL is https://restful-booker.herokuapp.com/booking</msg>
<msg timestamp="20220918 17:10:06.293" level="INFO">create_new_booking::Expected 200, Actual Status code : 200 for URL: https://restful-booker.herokuapp.com/booking, Responce Json {'bookingid': 18160, 'booking': {'firstname': 'Mary', 'lastname': 'Kim', 'totalprice': 264, 'depositpaid': True, 'bookingdates': {'checkin': '2022-07-13', 'checkout': '2022-08-26'}, 'additionalneeds': 'Breakfast'}}</msg>
<msg timestamp="20220918 17:10:06.295" level="INFO">{"firstname": "Mary", "lastname": "Kim", "totalprice": 264, "depositpaid": true, "bookingdates": {"checkin": "2022-07-13", "checkout": "2022-08-26"}, "additionalneeds": "Breakfast"}</msg>
<msg timestamp="20220918 17:10:06.295" level="INFO">${booking_responce} = {'bookingid': 18160, 'booking': {'firstname': 'Mary', 'lastname': 'Kim', 'totalprice': 264, 'depositpaid': True, 'bookingdates': {'checkin': '2022-07-13', 'checkout': '2022-08-26'}, 'additionalneeds':...</msg>
<msg timestamp="20220918 17:10:06.295" level="INFO">${booking_data} = {'firstname': 'Mary', 'lastname': 'Kim', 'totalprice': 264, 'depositpaid': True, 'bookingdates': {'checkin': '2022-07-13', 'checkout': '2022-08-26'}, 'additionalneeds': 'Breakfast'}</msg>
<status status="PASS" starttime="20220918 17:10:05.154" endtime="20220918 17:10:06.295"/>
</kw>
<kw name="Set Global Variable" library="BuiltIn">
<arg>${booking_responce}</arg>
<doc>Makes a variable available globally in all tests and suites.</doc>
<msg timestamp="20220918 17:10:06.296" level="INFO">${booking_responce} = {'bookingid': 18160, 'booking': {'firstname': 'Mary', 'lastname': 'Kim', 'totalprice': 264, 'depositpaid': True, 'bookingdates': {'checkin': '2022-07-13', 'checkout': '2022-08-26'}, 'additionalneeds':...</msg>
<status status="PASS" starttime="20220918 17:10:06.296" endtime="20220918 17:10:06.297"/>
</kw>
<kw name="Get Dictionary Value" library="booking">
<var>${booking_id}</var>
<arg>${booking_responce}</arg>
<arg>bookingid</arg>
<msg timestamp="20220918 17:10:06.297" level="INFO">${booking_id} = 18160</msg>
<status status="PASS" starttime="20220918 17:10:06.297" endtime="20220918 17:10:06.297"/>
</kw>
<kw name="Set Global Variable" library="BuiltIn">
<arg>${booking_id}</arg>
<doc>Makes a variable available globally in all tests and suites.</doc>
<msg timestamp="20220918 17:10:06.298" level="INFO">${booking_id} = 18160</msg>
<status status="PASS" starttime="20220918 17:10:06.297" endtime="20220918 17:10:06.298"/>
</kw>
<kw name="get list of all booking id" library="booking">
<var>${list_booking_id}</var>
<doc>get the list of all booking id
:return list: list of booking id</doc>
<msg timestamp="20220918 17:10:06.299" level="INFO">-------------get booking ids-----------------</msg>
<msg timestamp="20220918 17:10:06.300" level="INFO">The URL is https://restful-booker.herokuapp.com/booking</msg>
<msg timestamp="20220918 17:10:08.562" level="INFO">get_list_of_all_booking_ids::Expected 200, Actual Status code : 200 for URL: https://restful-booker.herokuapp.com/booking, Responce Json [{'bookingid': 873}, {'bookingid': 14224}, {'bookingid': 8741}, {'bookingid': 8322}, {'bookingid': 15785}, {'bookingid': 5471}, {'bookingid': 5478}, {'bookingid': 1571}, {'bookingid': 15682}, {'bookingid': 14503}, {'bookingid': 8581}, {'bookingid': 14029}, {'bookingid': 15152}, {'bookingid': 18138}, {'bookingid': 7471}, {'bookingid': 722}, {'bookingid': 1189}, {'bookingid': 14327}, {'bookingid': 15198}, {'bookingid': 8515}, {'bookingid': 96}, {'bookingid': 1607}, {'bookingid': 14498}, {'bookingid': 7582}, {'bookingid': 10380}, {'bookingid': 13899}, {'bookingid': 9355}, {'bookingid': 5358}, {'bookingid': 6493}, {'bookingid': 6535}, {'bookingid': 329}, {'bookingid': 7273}, {'bookingid': 10412}, {'bookingid': 5174}, {'bookingid': 5015}, {'bookingid': 7711}, {'bookingid': 1596}, {'bookingid': 10294}, {'bookingid': 15276}, {'bookingid': 9650}, {'bookingid': 15221}, {'bookingid': 7551}, {'bookingid': 7933}, {'bookingid': 5426}, {'bookingid': 770}, {'bookingid': 3018}, {'bookingid': 615}, {'bookingid': 7570}, {'bookingid': 6751}, {'bookingid': 9323}, {'bookingid': 7678}, {'bookingid': 9124}, {'bookingid': 6111}, {'bookingid': 9909}, {'bookingid': 18093}, {'bookingid': 7500}, {'bookingid': 10742}, {'bookingid': 322}, {'bookingid': 5070}, {'bookingid': 15611}, {'bookingid': 8505}, {'bookingid': 7131}, {'bookingid': 15782}, {'bookingid': 928}, {'bookingid': 7944}, {'bookingid': 5891}, {'bookingid': 5541}, {'bookingid': 7942}, {'bookingid': 8232}, {'bookingid': 1249}, {'bookingid': 9285}, {'bookingid': 7454}, {'bookingid': 9457}, {'bookingid': 7172}, {'bookingid': 1536}, {'bookingid': 7784}, {'bookingid': 13979}, {'bookingid': 8622}, {'bookingid': 5036}, {'bookingid': 14390}, {'bookingid': 10740}, {'bookingid': 4794}, {'bookingid': 8797}, {'bookingid': 7133}, {'bookingid': 83}, {'bookingid': 7762}, {'bookingid': 7977}, {'bookingid': 1401}, {'bookingid': 6676}, {'bookingid': 14566}, {'bookingid': 12348}, {'bookingid': 1155}, {'bookingid': 8219}, {'bookingid': 151}, {'bookingid': 5372}, {'bookingid': 5108}, {'bookingid': 9851}, {'bookingid': 4713}, {'bookingid': 5993}, {'bookingid': 14543}, {'bookingid': 1499}, {'bookingid': 4885}, {'bookingid': 10111}, {'bookingid': 15228}, {'bookingid': 9356}, {'bookingid': 14909}, {'bookingid': 4534}, {'bookingid': 8731}, {'bookingid': 14185}, {'bookingid': 6307}, {'bookingid': 10444}, {'bookingid': 9800}, {'bookingid': 18070}, {'bookingid': 8297}, {'bookingid': 9813}, {'bookingid': 7985}, {'bookingid': 8897}, {'bookingid': 18100}, {'bookingid': 7302}, {'bookingid': 15615}, {'bookingid': 8241}, {'bookingid': 5809}, {'bookingid': 1367}, {'bookingid': 9036}, {'bookingid': 8429}, {'bookingid': 8296}, {'bookingid': 10435}, {'bookingid': 4993}, {'bookingid': 1149}, {'bookingid': 1647}, {'bookingid': 8987}, {'bookingid': 6385}, {'bookingid': 6956}, {'bookingid': 6258}, {'bookingid': 48}, {'bookingid': 9148}, {'bookingid': 9875}, {'bookingid': 9697}, {'bookingid': 18075}, {'bookingid': 9552}, {'bookingid': 6634}, {'bookingid': 9101}, {'bookingid': 13881}, {'bookingid': 9612}, {'bookingid': 8805}, {'bookingid': 7432}, {'bookingid': 10537}, {'bookingid': 8544}, {'bookingid': 4998}, {'bookingid': 8073}, {'bookingid': 6356}, {'bookingid': 7031}, {'bookingid': 8476}, {'bookingid': 17962}, {'bookingid': 5144}, {'bookingid': 7494}, {'bookingid': 8730}, {'bookingid': 18106}, {'bookingid': 6349}, {'bookingid': 8002}, {'bookingid': 9001}, {'bookingid': 1200}, {'bookingid': 10311}, {'bookingid': 8651}, {'bookingid': 8392}, {'bookingid': 5186}, {'bookingid': 1777}, {'bookingid': 957}, {'bookingid': 7609}, {'bookingid': 5750}, {'bookingid': 721}, {'bookingid': 112}, {'bookingid': 5359}, {'bookingid': 15621}, {'bookingid': 9628}, {'bookingid': 10370}, {'bookingid': 15245}, {'bookingid': 545}, {'bookingid': 5431}, {'bookingid': 6309}, {'bookingid': 10473}, {'bookingid': 8215}, {'bookingid': 14418}, {'bookingid': 4624}, {'bookingid': 6340}, {'bookingid': 7689}, {'bookingid': 300}, {'bookingid': 9145}, {'bookingid': 335}, {'bookingid': 8571}, {'bookingid': 1699}, {'bookingid': 10144}, {'bookingid': 6953}, {'bookingid': 1068}, {'bookingid': 5107}, {'bookingid': 8551}, {'bookingid': 7016}, {'bookingid': 8475}, {'bookingid': 1484}, {'bookingid': 7793}, {'bookingid': 4667}, {'bookingid': 8991}, {'bookingid': 9615}, {'bookingid': 5156}, {'bookingid': 8176}, {'bookingid': 9167}, {'bookingid': 7930}, {'bookingid': 607}, {'bookingid': 369}, {'bookingid': 6368}, {'bookingid': 7017}, {'bookingid': 1666}, {'bookingid': 5146}, {'bookingid': 7495}, {'bookingid': 7876}, {'bookingid': 7576}, {'bookingid': 5909}, {'bookingid': 7134}, {'bookingid': 14930}, {'bookingid': 5560}, {'bookingid': 5780}, {'bookingid': 7253}, {'bookingid': 504}, {'bookingid': 5493}, {'bookingid': 5167}, {'bookingid': 9998}, {'bookingid': 1595}, {'bookingid': 1562}, {'bookingid': 496}, {'bookingid': 9938}, {'bookingid': 15529}, {'bookingid': 5347}, {'bookingid': 1010}, {'bookingid': 8047}, {'bookingid': 1270}, {'bookingid': 9037}, {'bookingid': 5402}, {'bookingid': 1769}, {'bookingid': 7276}, {'bookingid': 6503}, {'bookingid': 15285}, {'bookingid': 15163}, {'bookingid': 1268}, {'bookingid': 10214}, {'bookingid': 9108}, {'bookingid': 8435}, {'bookingid': 1341}, {'bookingid': 6846}, {'bookingid': 5303}, {'bookingid': 5225}, {'bookingid': 1382}, {'bookingid': 9252}, {'bookingid': 2985}, {'bookingid': 1004}, {'bookingid': 7988}, {'bookingid': 4499}, {'bookingid': 10529}, {'bookingid': 10632}, {'bookingid': 1139}, {'bookingid': 4843}, {'bookingid': 5500}, {'bookingid': 4608}, {'bookingid': 18023}, {'bookingid': 5123}, {'bookingid': 6315}, {'bookingid': 5271}, {'bookingid': 5281}, {'bookingid': 10121}, {'bookingid': 5163}, {'bookingid': 6597}, {'bookingid': 10368}, {'bookingid': 9062}, {'bookingid': 9544}, {'bookingid': 9469}, {'bookingid': 6941}, {'bookingid': 467}, {'bookingid': 4616}, {'bookingid': 9017}, {'bookingid': 9890}, {'bookingid': 8084}, {'bookingid': 9107}, {'bookingid': 6585}, {'bookingid': 922}, {'bookingid': 9533}, {'bookingid': 9582}, {'bookingid': 9880}, {'bookingid': 434}, {'bookingid': 7512}, {'bookingid': 641}, {'bookingid': 8796}, {'bookingid': 15234}, {'bookingid': 7142}, {'bookingid': 15325}, {'bookingid': 3008}, {'bookingid': 8489}, {'bookingid': 6792}, {'bookingid': 590}, {'bookingid': 15076}, {'bookingid': 10429}, {'bookingid': 458}, {'bookingid': 4747}, {'bookingid': 8666}, {'bookingid': 4964}, {'bookingid': 4988}, {'bookingid': 5131}, {'bookingid': 4963}, {'bookingid': 8675}, {'bookingid': 1798}, {'bookingid': 4613}, {'bookingid': 4860}, {'bookingid': 7729}, {'bookingid': 5844}, {'bookingid': 15737}, {'bookingid': 466}, {'bookingid': 4674}, {'bookingid': 4633}, {'bookingid': 15817}, {'bookingid': 1505}, {'bookingid': 13855}, {'bookingid': 9629}, {'bookingid': 7054}, {'bookingid': 5274}, {'bookingid': 8159}, {'bookingid': 9790}, {'bookingid': 815}, {'bookingid': 5008}, {'bookingid': 10569}, {'bookingid': 5985}, {'bookingid': 15676}, {'bookingid': 8863}, {'bookingid': 4684}, {'bookingid': 7173}, {'bookingid': 16931}, {'bookingid': 6023}, {'bookingid': 751}, {'bookingid': 7068}, {'bookingid': 10160}, {'bookingid': 1686}, {'bookingid': 9815}, {'bookingid': 9876}, {'bookingid': 8423}, {'bookingid': 4580}, {'bookingid': 7105}, {'bookingid': 397}, {'bookingid': 9561}, {'bookingid': 9342}, {'bookingid': 9202}, {'bookingid': 9013}, {'bookingid': 14586}, {'bookingid': 1617}, {'bookingid': 9952}, {'bookingid': 10530}, {'bookingid': 5508}, {'bookingid': 8905}, {'bookingid': 1789}, {'bookingid': 17918}, {'bookingid': 7660}, {'bookingid': 10068}, {'bookingid': 17995}, {'bookingid': 5529}, {'bookingid': 7128}, {'bookingid': 5090}, {'bookingid': 7923}, {'bookingid': 7146}, {'bookingid': 7553}, {'bookingid': 8948}, {'bookingid': 4926}, {'bookingid': 6378}, {'bookingid': 1601}, {'bookingid': 8319}, {'bookingid': 5865}, {'bookingid': 15078}, {'bookingid': 7823}, {'bookingid': 8029}, {'bookingid': 6717}, {'bookingid': 8814}, {'bookingid': 6251}, {'bookingid': 15009}, {'bookingid': 1534}, {'bookingid': 929}, {'bookingid': 970}, {'bookingid': 9722}, {'bookingid': 9658}, {'bookingid': 6394}, {'bookingid': 629}, {'bookingid': 9846}, {'bookingid': 5033}, {'bookingid': 8142}, {'bookingid': 9045}, {'bookingid': 5295}, {'bookingid': 15807}, {'bookingid': 14069}, {'bookingid': 6927}, {'bookingid': 15579}, {'bookingid': 6878}, {'bookingid': 1665}, {'bookingid': 9625}, {'bookingid': 10428}, {'bookingid': 7599}, {'bookingid': 7780}, {'bookingid': 18039}, {'bookingid': 3828}, {'bookingid': 1751}, {'bookingid': 36}, {'bookingid': 7087}, {'bookingid': 14763}, {'bookingid': 5778}, {'bookingid': 14929}, {'bookingid': 18001}, {'bookingid': 7166}, {'bookingid': 16980}, {'bookingid': 172}, {'bookingid': 8722}, {'bookingid': 15742}, {'bookingid': 5868}, {'bookingid': 7671}, {'bookingid': 7833}, {'bookingid': 8849}, {'bookingid': 15165}, {'bookingid': 13891}, {'bookingid': 8211}, {'bookingid': 6867}, {'bookingid': 9951}, {'bookingid': 6037}, {'bookingid': 5668}, {'bookingid': 7000}, {'bookingid': 7199}, {'bookingid': 669}, {'bookingid': 9312}, {'bookingid': 5922}, {'bookingid': 277}, {'bookingid': 5444}, {'bookingid': 8642}, {'bookingid': 6510}, {'bookingid': 7583}, {'bookingid': 2979}, {'bookingid': 314}, {'bookingid': 13882}, {'bookingid': 8294}, {'bookingid': 9056}, {'bookingid': 1631}, {'bookingid': 6010}, {'bookingid': 1041}, {'bookingid': 634}, {'bookingid': 14728}, {'bookingid': 5188}, {'bookingid': 8703}, {'bookingid': 1919}, {'bookingid': 6850}, {'bookingid': 5177}, {'bookingid': 8139}, {'bookingid': 17937}, {'bookingid': 9281}, {'bookingid': 4768}, {'bookingid': 8682}, {'bookingid': 7232}, {'bookingid': 8408}, {'bookingid': 15543}, {'bookingid': 5110}, {'bookingid': 6903}, {'bookingid': 798}, {'bookingid': 6547}, {'bookingid': 5178}, {'bookingid': 8056}, {'bookingid': 4956}, {'bookingid': 10627}, {'bookingid': 2980}, {'bookingid': 5386}, {'bookingid': 13854}, {'bookingid': 1399}, {'bookingid': 12308}, {'bookingid': 5502}, {'bookingid': 1336}, {'bookingid': 176}, {'bookingid': 8639}, {'bookingid': 1138}, {'bookingid': 454}, {'bookingid': 10372}, {'bookingid': 10596}, {'bookingid': 431}, {'bookingid': 7165}, {'bookingid': 1568}, {'bookingid': 649}, {'bookingid': 9430}, {'bookingid': 221}, {'bookingid': 588}, {'bookingid': 5649}, {'bookingid': 1407}, {'bookingid': 10126}, {'bookingid': 4752}, {'bookingid': 457}, {'bookingid': 35}, {'bookingid': 9041}, {'bookingid': 10190}, {'bookingid': 14839}, {'bookingid': 343}, {'bookingid': 8456}, {'bookingid': 842}, {'bookingid': 5687}, {'bookingid': 8054}, {'bookingid': 14173}, {'bookingid': 8471}, {'bookingid': 1254}, {'bookingid': 7379}, {'bookingid': 8898}, {'bookingid': 5589}, {'bookingid': 7090}, {'bookingid': 7881}, {'bookingid': 10207}, {'bookingid': 17738}, {'bookingid': 2994}, {'bookingid': 5801}, {'bookingid': 15237}, {'bookingid': 7490}, {'bookingid': 15781}, {'bookingid': 9622}, {'bookingid': 12317}, {'bookingid': 1177}, {'bookingid': 9919}, {'bookingid': 8896}, {'bookingid': 10223}, {'bookingid': 10568}, {'bookingid': 134}, {'bookingid': 1928}, {'bookingid': 6565}, {'bookingid': 10226}, {'bookingid': 8409}, {'bookingid': 8605}, {'bookingid': 6613}, {'bookingid': 5784}, {'bookingid': 6311}, {'bookingid': 122}, {'bookingid': 5609}, {'bookingid': 6722}, {'bookingid': 1750}, {'bookingid': 313}, {'bookingid': 1636}, {'bookingid': 4561}, {'bookingid': 6880}, {'bookingid': 6725}, {'bookingid': 5498}, {'bookingid': 14190}, {'bookingid': 226}, {'bookingid': 49}, {'bookingid': 10104}, {'bookingid': 10044}, {'bookingid': 15633}, {'bookingid': 10009}, {'bookingid': 7622}, {'bookingid': 6775}, {'bookingid': 8590}, {'bookingid': 1090}, {'bookingid': 878}, {'bookingid': 7844}, {'bookingid': 525}, {'bookingid': 6971}, {'bookingid': 6979}, {'bookingid': 819}, {'bookingid': 7868}, {'bookingid': 4937}, {'bookingid': 7704}, {'bookingid': 8860}, {'bookingid': 8869}, {'bookingid': 5964}, {'bookingid': 1308}, {'bookingid': 7564}, {'bookingid': 6265}, {'bookingid': 9171}, {'bookingid': 1116}, {'bookingid': 8928}, {'bookingid': 1738}, {'bookingid': 10131}, {'bookingid': 7069}, {'bookingid': 9437}, {'bookingid': 6418}, {'bookingid': 1526}, {'bookingid': 16928}, {'bookingid': 4735}, {'bookingid': 14927}, {'bookingid': 8846}, {'bookingid': 9669}, {'bookingid': 13905}, {'bookingid': 15760}, {'bookingid': 4621}, {'bookingid': 9801}, {'bookingid': 5878}, {'bookingid': 17626}, {'bookingid': 5899}, {'bookingid': 10309}, {'bookingid': 245}, {'bookingid': 6820}, {'bookingid': 871}, {'bookingid': 8185}, {'bookingid': 892}, {'bookingid': 8358}, {'bookingid': 14262}, {'bookingid': 13837}, {'bookingid': 1038}, {'bookingid': 9768}, {'bookingid': 13914}, {'bookingid': 6595}, {'bookingid': 9353}, {'bookingid': 1701}, {'bookingid': 8512}, {'bookingid': 10103}, {'bookingid': 9754}, {'bookingid': 8631}, {'bookingid': 10551}, {'bookingid': 5179}, {'bookingid': 8149}, {'bookingid': 16925}, {'bookingid': 7102}, {'bookingid': 7365}, {'bookingid': 8895}, {'bookingid': 1577}, {'bookingid': 1517}, {'bookingid': 5692}, {'bookingid': 9442}, {'bookingid': 9686}, {'bookingid': 4786}, {'bookingid': 9478}, {'bookingid': 14747}, {'bookingid': 5972}, {'bookingid': 5360}, {'bookingid': 18113}, {'bookingid': 14370}, {'bookingid': 7521}, {'bookingid': 9025}, {'bookingid': 7502}, {'bookingid': 7506}, {'bookingid': 17993}, {'bookingid': 228}, {'bookingid': 1610}, {'bookingid': 15247}, {'bookingid': 7303}, {'bookingid': 9467}, {'bookingid': 707}, {'bookingid': 4905}, {'bookingid': 6989}, {'bookingid': 9198}, {'bookingid': 13949}, {'bookingid': 17841}, {'bookingid': 9572}, {'bookingid': 9297}, {'bookingid': 7418}, {'bookingid': 6525}, {'bookingid': 7792}, {'bookingid': 10057}, {'bookingid': 7483}, {'bookingid': 6715}, {'bookingid': 10107}, {'bookingid': 5911}, {'bookingid': 5135}, {'bookingid': 8725}, {'bookingid': 9169}, {'bookingid': 8312}, {'bookingid': 9423}, {'bookingid': 10787}, {'bookingid': 7659}, {'bookingid': 14937}, {'bookingid': 1235}, {'bookingid': 15797}, {'bookingid': 14986}, {'bookingid': 1214}, {'bookingid': 9641}, {'bookingid': 7221}, {'bookingid': 8859}, {'bookingid': 1345}, {'bookingid': 14736}, {'bookingid': 17040}, {'bookingid': 14090}, {'bookingid': 5313}, {'bookingid': 9522}, {'bookingid': 9836}, {'bookingid': 272}, {'bookingid': 7960}, {'bookingid': 9676}, {'bookingid': 869}, {'bookingid': 15008}, {'bookingid': 10271}, {'bookingid': 7181}, {'bookingid': 4715}, {'bookingid': 4682}, {'bookingid': 6541}, {'bookingid': 7822}, {'bookingid': 14298}, {'bookingid': 6688}, {'bookingid': 17929}, {'bookingid': 8048}, {'bookingid': 9979}, {'bookingid': 15064}, {'bookingid': 9021}, {'bookingid': 14016}, {'bookingid': 8267}, {'bookingid': 1778}, {'bookingid': 7826}, {'bookingid': 5415}, {'bookingid': 1925}, {'bookingid': 7591}, {'bookingid': 15185}, {'bookingid': 8081}, {'bookingid': 5575}, {'bookingid': 8218}, {'bookingid': 9335}, {'bookingid': 14490}, {'bookingid': 10154}, {'bookingid': 10371}, {'bookingid': 10021}, {'bookingid': 15259}, {'bookingid': 9578}, {'bookingid': 8596}, {'bookingid': 153}, {'bookingid': 13908}, {'bookingid': 6369}, {'bookingid': 15072}, {'bookingid': 8390}, {'bookingid': 924}, {'bookingid': 1592}, {'bookingid': 1357}, {'bookingid': 8482}, {'bookingid': 14265}, {'bookingid': 15322}, {'bookingid': 9874}, {'bookingid': 12327}, {'bookingid': 5701}, {'bookingid': 5342}, {'bookingid': 15711}, {'bookingid': 5517}, {'bookingid': 5354}, {'bookingid': 251}, {'bookingid': 14184}, {'bookingid': 1509}, {'bookingid': 6679}, {'bookingid': 14772}, {'bookingid': 8308}, {'bookingid': 6344}, {'bookingid': 7795}, {'bookingid': 9514}, {'bookingid': 4904}, {'bookingid': 8245}, {'bookingid': 6310}, {'bookingid': 8834}, {'bookingid': 908}, {'bookingid': 14888}, {'bookingid': 976}, {'bookingid': 460}, {'bookingid': 10510}, {'bookingid': 5838}, {'bookingid': 1124}, {'bookingid': 5082}, {'bookingid': 5832}, {'bookingid': 39}, {'bookingid': 1350}, {'bookingid': 7716}, {'bookingid': 6039}, {'bookingid': 7725}, {'bookingid': 4701}, {'bookingid': 10776}, {'bookingid': 15331}, {'bookingid': 8616}, {'bookingid': 999}, {'bookingid': 5815}, {'bookingid': 7680}, {'bookingid': 14946}, {'bookingid': 244}, {'bookingid': 5071}, {'bookingid': 8459}, {'bookingid': 10382}, {'bookingid': 5191}, {'bookingid': 28}, {'bookingid': 6811}, {'bookingid': 4765}, {'bookingid': 10424}, {'bookingid': 7463}, {'bookingid': 332}, {'bookingid': 14876}, {'bookingid': 6749}, {'bookingid': 9891}, {'bookingid': 8426}, {'bookingid': 4748}, {'bookingid': 7921}, {'bookingid': 1457}, {'bookingid': 9304}, {'bookingid': 438}, {'bookingid': 10460}, {'bookingid': 7522}, {'bookingid': 1311}, {'bookingid': 13932}, {'bookingid': 14361}, {'bookingid': 10266}, {'bookingid': 12362}, {'bookingid': 7657}, {'bookingid': 219}, {'bookingid': 7119}, {'bookingid': 9477}, {'bookingid': 6474}, {'bookingid': 15759}, {'bookingid': 14759}, {'bookingid': 5320}, {'bookingid': 7625}, {'bookingid': 14385}, {'bookingid': 15111}, {'bookingid': 4677}, {'bookingid': 6861}, {'bookingid': 5902}, {'bookingid': 18022}, {'bookingid': 6301}, {'bookingid': 9126}, {'bookingid': 8554}, {'bookingid': 6795}, {'bookingid': 15059}, {'bookingid': 8845}, {'bookingid': 7401}, {'bookingid': 8503}, {'bookingid': 10094}, {'bookingid': 7901}, {'bookingid': 9757}, {'bookingid': 1763}, {'bookingid': 8901}, {'bookingid': 9455}, {'bookingid': 6726}, {'bookingid': 5430}, {'bookingid': 830}, {'bookingid': 578}, {'bookingid': 7452}, {'bookingid': 6593}, {'bookingid': 9216}, {'bookingid': 8233}, {'bookingid': 5139}, {'bookingid': 10367}, {'bookingid': 571}, {'bookingid': 6622}, {'bookingid': 10524}, {'bookingid': 9445}, {'bookingid': 6433}, {'bookingid': 7254}, {'bookingid': 9407}, {'bookingid': 5197}, {'bookingid': 6750}, {'bookingid': 14838}, {'bookingid': 5921}, {'bookingid': 4679}, {'bookingid': 5552}, {'bookingid': 9}, {'bookingid': 6969}, {'bookingid': 1520}, {'bookingid': 224}, {'bookingid': 7744}, {'bookingid': 6242}, {'bookingid': 15281}, {'bookingid': 2929}, {'bookingid': 15096}, {'bookingid': 9274}, {'bookingid': 7247}, {'bookingid': 7857}, {'bookingid': 5209}, {'bookingid': 9160}, {'bookingid': 15282}, {'bookingid': 5405}, {'bookingid': 8193}, {'bookingid': 9539}, {'bookingid': 8587}, {'bookingid': 9116}, {'bookingid': 7136}, {'bookingid': 6932}, {'bookingid': 1002}, {'bookingid': 4971}, {'bookingid': 9644}, {'bookingid': 4854}, {'bookingid': 848}, {'bookingid': 5251}, {'bookingid': 18088}, {'bookingid': 5141}, {'bookingid': 9277}, {'bookingid': 9996}, {'bookingid': 6461}, {'bookingid': 731}, {'bookingid': 5336}, {'bookingid': 1645}, {'bookingid': 9005}, {'bookingid': 5869}, {'bookingid': 4910}, {'bookingid': 4630}, {'bookingid': 15058}, {'bookingid': 5330}, {'bookingid': 17936}, {'bookingid': 14465}, {'bookingid': 9977}, {'bookingid': 4928}, {'bookingid': 13935}, {'bookingid': 5524}, {'bookingid': 10438}, {'bookingid': 10232}, {'bookingid': 7415}, {'bookingid': 12333}, {'bookingid': 9865}, {'bookingid': 8532}, {'bookingid': 6758}, {'bookingid': 6633}, {'bookingid': 9711}, {'bookingid': 4584}, {'bookingid': 15154}, {'bookingid': 1908}, {'bookingid': 15300}, {'bookingid': 579}, {'bookingid': 7224}, {'bookingid': 6786}, {'bookingid': 934}, {'bookingid': 6776}, {'bookingid': 8804}, {'bookingid': 8316}, {'bookingid': 4588}, {'bookingid': 1425}, {'bookingid': 9425}, {'bookingid': 1591}, {'bookingid': 7632}, {'bookingid': 6318}, {'bookingid': 1542}, {'bookingid': 1504}, {'bookingid': 7235}, {'bookingid': 9413}, {'bookingid': 5610}, {'bookingid': 650}, {'bookingid': 714}, {'bookingid': 17309}, {'bookingid': 6367}, {'bookingid': 8467}, {'bookingid': 10747}, {'bookingid': 14068}, {'bookingid': 6913}, {'bookingid': 7866}, {'bookingid': 9626}, {'bookingid': 18098}, {'bookingid': 10420}, {'bookingid': 7507}, {'bookingid': 7175}, {'bookingid': 15181}, {'bookingid': 7470}, {'bookingid': 4569}, {'bookingid': 9976}, {'bookingid': 15103}, {'bookingid': 4777}, {'bookingid': 4901}, {'bookingid': 9554}, {'bookingid': 18011}, {'bookingid': 14994}, {'bookingid': 14381}, {'bookingid': 1412}, {'bookingid': 9461}, {'bookingid': 4767}, {'bookingid': 7623}, {'bookingid': 8221}, {'bookingid': 8919}, {'bookingid': 9384}, {'bookingid': 18074}, {'bookingid': 4655}, {'bookingid': 9082}, {'bookingid': 1132}, {'bookingid': 4936}, {'bookingid': 421}, {'bookingid': 7270}, {'bookingid': 8195}, {'bookingid': 10403}, {'bookingid': 5096}, {'bookingid': 15686}, {'bookingid': 5272}, {'bookingid': 204}, {'bookingid': 8638}, {'bookingid': 10017}, {'bookingid': 1283}, {'bookingid': 8788}, {'bookingid': 4524}, {'bookingid': 215}, {'bookingid': 7103}, {'bookingid': 8749}, {'bookingid': 1064}, {'bookingid': 7014}, {'bookingid': 14779}, {'bookingid': 5048}, {'bookingid': 9872}, {'bookingid': 7540}, {'bookingid': 7874}, {'bookingid': 7126}, {'bookingid': 1144}, {'bookingid': 8866}, {'bookingid': 9363}, {'bookingid': 7450}, {'bookingid': 1222}, {'bookingid': 8617}, {'bookingid': 5455}, {'bookingid': 15003}, {'bookingid': 10247}, {'bookingid': 7646}, {'bookingid': 210}, {'bookingid': 5720}, {'bookingid': 5010}, {'bookingid': 4887}, {'bookingid': 10043}, {'bookingid': 6186}, {'bookingid': 23}, {'bookingid': 13907}, {'bookingid': 9422}, {'bookingid': 486}, {'bookingid': 12321}, {'bookingid': 5499}, {'bookingid': 7246}, {'bookingid': 7398}, {'bookingid': 6778}, {'bookingid': 5884}, {'bookingid': 453}, {'bookingid': 8795}, {'bookingid': 18152}, {'bookingid': 500}, {'bookingid': 6234}, {'bookingid': 1105}, {'bookingid': 8733}, {'bookingid': 18104}, {'bookingid': 10120}, {'bookingid': 5913}, {'bookingid': 90}, {'bookingid': 9117}, {'bookingid': 864}, {'bookingid': 9410}, {'bookingid': 15628}, {'bookingid': 5289}, {'bookingid': 15073}, {'bookingid': 7051}, {'bookingid': 5046}, {'bookingid': 5324}, {'bookingid': 5193}, {'bookingid': 6335}, {'bookingid': 7013}, {'bookingid': 10308}, {'bookingid': 10259}, {'bookingid': 12307}, {'bookingid': 14603}, {'bookingid': 2963}, {'bookingid': 10785}, {'bookingid': 1104}, {'bookingid': 17943}, {'bookingid': 182}, {'bookingid': 4681}, {'bookingid': 5436}, {'bookingid': 2956}, {'bookingid': 10096}, {'bookingid': 7982}, {'bookingid': 8248}, {'bookingid': 1907}, {'bookingid': 7782}, {'bookingid': 8971}, {'bookingid': 9132}, {'bookingid': 519}, {'bookingid': 5683}, {'bookingid': 4978}, {'bookingid': 249}, {'bookingid': 10156}, {'bookingid': 7882}, {'bookingid': 5583}, {'bookingid': 4865}, {'bookingid': 4952}, {'bookingid': 7820}, {'bookingid': 15113}, {'bookingid': 618}, {'bookingid': 5923}, {'bookingid': 15160}, {'bookingid': 9827}, {'bookingid': 1760}, {'bookingid': 7757}, {'bookingid': 4537}, {'bookingid': 1448}, {'bookingid': 6724}, {'bookingid': 7667}, {'bookingid': 13916}, {'bookingid': 6683}, {'bookingid': 8916}, {'bookingid': 8165}, {'bookingid': 5035}, {'bookingid': 7445}, {'bookingid': 9974}, {'bookingid': 7359}, {'bookingid': 5382}, {'bookingid': 7034}, {'bookingid': 8592}, {'bookingid': 4790}, {'bookingid': 5889}, {'bookingid': 6923}, {'bookingid': 15174}, {'bookingid': 9779}, {'bookingid': 6513}, {'bookingid': 1680}, {'bookingid': 7228}, {'bookingid': 13915}, {'bookingid': 6375}, {'bookingid': 10482}, {'bookingid': 6605}, {'bookingid': 10010}, {'bookingid': 6652}, {'bookingid': 1707}, {'bookingid': 10033}, {'bookingid': 298}, {'bookingid': 15639}, {'bookingid': 7121}, {'bookingid': 7386}, {'bookingid': 9465}, {'bookingid': 1398}, {'bookingid': 10324}, {'bookingid': 15056}, {'bookingid': 5115}, {'bookingid': 5294}, {'bookingid': 8266}, {'bookingid': 7366}, {'bookingid': 15097}, {'bookingid': 6924}, {'bookingid': 14076}, {'bookingid': 497}, {'bookingid': 5522}, {'bookingid': 13995}, {'bookingid': 9346}, {'bookingid': 8955}, {'bookingid': 5277}, {'bookingid': 5380}, {'bookingid': 9594}, {'bookingid': 7479}, {'bookingid': 476}, {'bookingid': 2984}, {'bookingid': 10463}, {'bookingid': 539}, {'bookingid': 4716}, {'bookingid': 9392}, {'bookingid': 6245}, {'bookingid': 484}, {'bookingid': 10322}, {'bookingid': 4852}, {'bookingid': 10224}, {'bookingid': 1559}, {'bookingid': 7347}, {'bookingid': 7579}, {'bookingid': 15622}, {'bookingid': 9585}, {'bookingid': 8397}, {'bookingid': 6943}, {'bookingid': 16941}, {'bookingid': 6569}, {'bookingid': 7233}, {'bookingid': 10590}, {'bookingid': 9377}, {'bookingid': 7791}, {'bookingid': 9161}, {'bookingid': 8975}, {'bookingid': 1320}, {'bookingid': 5696}, {'bookingid': 14053}, {'bookingid': 5235}, {'bookingid': 15569}, {'bookingid': 1302}, {'bookingid': 9922}, {'bookingid': 5759}, {'bookingid': 360}, {'bookingid': 6936}, {'bookingid': 6143}, {'bookingid': 7114}, {'bookingid': 5054}, {'bookingid': 10325}, {'bookingid': 13925}, {'bookingid': 5390}, {'bookingid': 7130}, {'bookingid': 4800}, {'bookingid': 9484}, {'bookingid': 6015}, {'bookingid': 4908}, {'bookingid': 6014}, {'bookingid': 98}, {'bookingid': 186}, {'bookingid': 10334}, {'bookingid': 10585}, {'bookingid': 14743}, {'bookingid': 544}, {'bookingid': 15533}, {'bookingid': 8484}, {'bookingid': 4934}, {'bookingid': 6096}, {'bookingid': 7176}, {'bookingid': 5306}, {'bookingid': 676}, {'bookingid': 1471}, {'bookingid': 1703}, {'bookingid': 10055}, {'bookingid': 5228}, {'bookingid': 10562}, {'bookingid': 9079}, {'bookingid': 9661}, {'bookingid': 6374}, {'bookingid': 7965}, {'bookingid': 10499}, {'bookingid': 6571}, {'bookingid': 6824}, {'bookingid': 4704}, {'bookingid': 6812}, {'bookingid': 5427}, {'bookingid': 480}, {'bookingid': 5164}, {'bookingid': 15177}, {'bookingid': 7503}, {'bookingid': 6401}, {'bookingid': 14910}, {'bookingid': 858}, {'bookingid': 8184}, {'bookingid': 14493}, {'bookingid': 15184}, {'bookingid': 7283}, {'bookingid': 7406}, {'bookingid': 1914}, {'bookingid': 1684}, {'bookingid': 5969}, {'bookingid': 9577}, {'bookingid': 15001}, {'bookingid': 1208}, {'bookingid': 4776}, {'bookingid': 7598}, {'bookingid': 1915}, {'bookingid': 15176}, {'bookingid': 15788}, {'bookingid': 5633}, {'bookingid': 998}, {'bookingid': 9295}, {'bookingid': 358}, {'bookingid': 7237}, {'bookingid': 1079}, {'bookingid': 14180}, {'bookingid': 8717}, {'bookingid': 10383}, {'bookingid': 6167}, {'bookingid': 7472}, {'bookingid': 15590}, {'bookingid': 15595}, {'bookingid': 5409}, {'bookingid': 17944}, {'bookingid': 6657}, {'bookingid': 9179}, {'bookingid': 1031}, {'bookingid': 7132}, {'bookingid': 8339}, {'bookingid': 15690}, {'bookingid': 10192}, {'bookingid': 5317}, {'bookingid': 1330}, {'bookingid': 8227}, {'bookingid': 8809}, {'bookingid': 18095}, {'bookingid': 7086}, {'bookingid': 5150}, {'bookingid': 10283}, {'bookingid': 5013}, {'bookingid': 14495}, {'bookingid': 7309}, {'bookingid': 7620}, {'bookingid': 6290}, {'bookingid': 9444}, {'bookingid': 12344}, {'bookingid': 7497}, {'bookingid': 893}, {'bookingid': 13850}, {'bookingid': 10781}, {'bookingid': 15283}, {'bookingid': 9230}, {'bookingid': 9245}, {'bookingid': 7702}, {'bookingid': 15316}, {'bookingid': 9906}, {'bookingid': 1693}, {'bookingid': 7100}, {'bookingid': 14004}, {'bookingid': 8066}, {'bookingid': 4708}, {'bookingid': 1605}, {'bookingid': 1084}, {'bookingid': 10520}, {'bookingid': 1163}, {'bookingid': 6085}, {'bookingid': 8914}, {'bookingid': 5367}, {'bookingid': 9845}, {'bookingid': 1529}, {'bookingid': 11293}, {'bookingid': 5724}, {'bookingid': 8759}, {'bookingid': 7405}, {'bookingid': 5403}, {'bookingid': 9350}, {'bookingid': 5341}, {'bookingid': 51}, {'bookingid': 14950}, {'bookingid': 7404}, {'bookingid': 9702}, {'bookingid': 6191}, {'bookingid': 8862}, {'bookingid': 15180}, {'bookingid': 14431}, {'bookingid': 481}, {'bookingid': 9635}, {'bookingid': 7753}, {'bookingid': 13934}, {'bookingid': 5955}, {'bookingid': 5814}, {'bookingid': 15126}, {'bookingid': 5154}, {'bookingid': 1458}, {'bookingid': 7956}, {'bookingid': 8508}, {'bookingid': 10153}, {'bookingid': 693}, {'bookingid': 14973}, {'bookingid': 14954}, {'bookingid': 1900}, {'bookingid': 5519}, {'bookingid': 7715}, {'bookingid': 7774}, {'bookingid': 572}, {'bookingid': 1207}, {'bookingid': 6134}, {'bookingid': 17964}, {'bookingid': 517}, {'bookingid': 7771}, {'bookingid': 14907}, {'bookingid': 9334}, {'bookingid': 7722}, {'bookingid': 9660}, {'bookingid': 15585}, {'bookingid': 7478}, {'bookingid': 7141}, {'bookingid': 8132}, {'bookingid': 10607}, {'bookingid': 9073}, {'bookingid': 12325}, {'bookingid': 7337}, {'bookingid': 793}, {'bookingid': 5861}, {'bookingid': 6672}, {'bookingid': 1101}, {'bookingid': 9006}, {'bookingid': 7928}, {'bookingid': 7677}, {'bookingid': 6508}, {'bookingid': 4984}, {'bookingid': 4775}, {'bookingid': 6403}, {'bookingid': 9481}, {'bookingid': 9575}, {'bookingid': 5049}, {'bookingid': 6583}, {'bookingid': 17817}, {'bookingid': 7385}, {'bookingid': 8208}, {'bookingid': 1152}, {'bookingid': 11291}, {'bookingid': 1128}, {'bookingid': 7402}, {'bookingid': 7513}, {'bookingid': 4607}, {'bookingid': 1753}, {'bookingid': 13998}, {'bookingid': 6410}, {'bookingid': 1746}, {'bookingid': 7263}, {'bookingid': 13856}, {'bookingid': 6305}, {'bookingid': 5829}, {'bookingid': 5116}, {'bookingid': 6770}, {'bookingid': 8549}, {'bookingid': 2995}, {'bookingid': 8959}, {'bookingid': 18009}, {'bookingid': 9823}, {'bookingid': 7883}, {'bookingid': 6051}, {'bookingid': 1572}, {'bookingid': 10465}, {'bookingid': 8694}, {'bookingid': 1705}, {'bookingid': 4779}, {'bookingid': 5630}, {'bookingid': 1273}, {'bookingid': 15530}, {'bookingid': 6034}, {'bookingid': 81}, {'bookingid': 7357}, {'bookingid': 1086}, {'bookingid': 5959}, {'bookingid': 17989}, {'bookingid': 9954}, {'bookingid': 587}, {'bookingid': 14371}, {'bookingid': 12320}, {'bookingid': 1489}, {'bookingid': 1077}, {'bookingid': 18155}, {'bookingid': 1713}, {'bookingid': 973}, {'bookingid': 5718}, {'bookingid': 8825}, {'bookingid': 591}, {'bookingid': 2964}, {'bookingid': 1153}, {'bookingid': 5279}, {'bookingid': 14163}, {'bookingid': 5468}, {'bookingid': 1368}, {'bookingid': 1435}, {'bookingid': 1413}, {'bookingid': 600}, {'bookingid': 741}, {'bookingid': 7462}, {'bookingid': 12342}, {'bookingid': 1063}, {'bookingid': 5782}, {'bookingid': 5383}, {'bookingid': 8700}, {'bookingid': 18007}, {'bookingid': 1066}, {'bookingid': 4871}, {'bookingid': 10535}, {'bookingid': 9370}, {'bookingid': 1785}, {'bookingid': 382}, {'bookingid': 6766}, {'bookingid': 715}, {'bookingid': 6684}, {'bookingid': 6753}, {'bookingid': 861}, {'bookingid': 632}, {'bookingid': 8619}, {'bookingid': 7914}, {'bookingid': 6172}, {'bookingid': 14989}, {'bookingid': 13832}, {'bookingid': 4641}, {'bookingid': 9681}, {'bookingid': 18141}, {'bookingid': 5534}, {'bookingid': 1479}, {'bookingid': 5248}, {'bookingid': 5161}, {'bookingid': 6512}, {'bookingid': 14535}, {'bookingid': 9315}, {'bookingid': 10349}, {'bookingid': 1426}, {'bookingid': 10313}, {'bookingid': 9518}, {'bookingid': 7961}, {'bookingid': 9527}, {'bookingid': 5464}, {'bookingid': 6692}, {'bookingid': 4549}, {'bookingid': 5061}, {'bookingid': 18042}, {'bookingid': 9135}, {'bookingid': 309}, {'bookingid': 14393}, {'bookingid': 6485}, {'bookingid': 1117}, {'bookingid': 15018}, {'bookingid': 1192}, {'bookingid': 5636}, {'bookingid': 9735}, {'bookingid': 9709}, {'bookingid': 6711}, {'bookingid': 8341}, {'bookingid': 29}, {'bookingid': 10187}, {'bookingid': 14972}, {'bookingid': 18063}, {'bookingid': 9417}, {'bookingid': 10759}, {'bookingid': 6295}, {'bookingid': 5058}, {'bookingid': 159}, {'bookingid': 12347}, {'bookingid': 7957}, {'bookingid': 9883}, {'bookingid': 9576}, {'bookingid': 6044}, {'bookingid': 14034}, {'bookingid': 15710}, {'bookingid': 6452}, {'bookingid': 5700}, {'bookingid': 1594}, {'bookingid': 938}, {'bookingid': 8922}, {'bookingid': 271}, {'bookingid': 7557}, {'bookingid': 17773}, {'bookingid': 5466}, {'bookingid': 14647}, {'bookingid': 733}, {'bookingid': 7600}, {'bookingid': 2991}, {'bookingid': 9968}, {'bookingid': 15303}, {'bookingid': 7586}, {'bookingid': 1694}, {'bookingid': 9910}, {'bookingid': 10032}, {'bookingid': 15267}, {'bookingid': 10106}, {'bookingid': 7728}, {'bookingid': 10553}, {'bookingid': 8727}, {'bookingid': 13861}, {'bookingid': 8011}, {'bookingid': 8808}, {'bookingid': 5946}, {'bookingid': 9523}, {'bookingid': 6661}, {'bookingid': 10062}, {'bookingid': 7871}, {'bookingid': 5328}, {'bookingid': 4531}, {'bookingid': 9128}, {'bookingid': 440}, {'bookingid': 1416}, {'bookingid': 4761}, {'bookingid': 11298}, {'bookingid': 10023}, {'bookingid': 8225}, {'bookingid': 7045}, {'bookingid': 483}, {'bookingid': 15261}, {'bookingid': 9835}, {'bookingid': 1058}, {'bookingid': 7423}, {'bookingid': 18048}, {'bookingid': 1630}, {'bookingid': 818}, {'bookingid': 6718}, {'bookingid': 14874}, {'bookingid': 7081}, {'bookingid': 5563}, {'bookingid': 338}, {'bookingid': 14552}, {'bookingid': 6560}, {'bookingid': 7922}, {'bookingid': 17968}, {'bookingid': 9791}, {'bookingid': 8927}, {'bookingid': 927}, {'bookingid': 9808}, {'bookingid': 12324}, {'bookingid': 418}, {'bookingid': 6046}, {'bookingid': 8348}, {'bookingid': 7332}, {'bookingid': 6437}, {'bookingid': 10736}, {'bookingid': 13833}, {'bookingid': 4985}, {'bookingid': 4795}, {'bookingid': 15098}, {'bookingid': 5732}, {'bookingid': 6299}, {'bookingid': 726}, {'bookingid': 255}, {'bookingid': 68}, {'bookingid': 16945}, {'bookingid': 5604}, {'bookingid': 1180}, {'bookingid': 17593}, {'bookingid': 14058}, {'bookingid': 10228}, {'bookingid': 10617}, {'bookingid': 10513}, {'bookingid': 1689}, {'bookingid': 9027}, {'bookingid': 6972}, {'bookingid': 9896}, {'bookingid': 5983}, {'bookingid': 5012}, {'bookingid': 10394}, {'bookingid': 9433}, {'bookingid': 9228}, {'bookingid': 10475}, {'bookingid': 14476}, {'bookingid': 8791}, {'bookingid': 6925}, {'bookingid': 1728}, {'bookingid': 1391}, {'bookingid': 10227}, {'bookingid': 8995}, {'bookingid': 5627}, {'bookingid': 4605}, {'bookingid': 301}, {'bookingid': 5031}, {'bookingid': 17613}, {'bookingid': 5434}, {'bookingid': 8817}, {'bookingid': 5362}, {'bookingid': 15299}, {'bookingid': 790}, {'bookingid': 13999}, {'bookingid': 15813}, {'bookingid': 9431}, {'bookingid': 7498}, {'bookingid': 561}, {'bookingid': 13869}, {'bookingid': 5871}, {'bookingid': 7298}, {'bookingid': 8593}, {'bookingid': 1772}, {'bookingid': 9930}, {'bookingid': 8422}, {'bookingid': 9792}, {'bookingid': 13984}, {'bookingid': 10007}, {'bookingid': 1724}, {'bookingid': 7849}, {'bookingid': 8070}, {'bookingid': 1524}, {'bookingid': 9280}, {'bookingid': 6843}, {'bookingid': 13823}, {'bookingid': 13857}, {'bookingid': 1626}, {'bookingid': 15519}, {'bookingid': 8270}, {'bookingid': 7063}, {'bookingid': 10369}, {'bookingid': 9234}, {'bookingid': 9460}, {'bookingid': 15685}, {'bookingid': 6491}, {'bookingid': 6628}, {'bookingid': 1767}, {'bookingid': 10051}, {'bookingid': 10152}, {'bookingid': 7083}, {'bookingid': 5215}, {'bookingid': 9251}, {'bookingid': 15033}, {'bookingid': 5840}, {'bookingid': 17933}, {'bookingid': 7284}, {'bookingid': 10374}, {'bookingid': 105}, {'bookingid': 515}, {'bookingid': 1195}, {'bookingid': 10287}, {'bookingid': 10169}, {'bookingid': 865}, {'bookingid': 7215}, {'bookingid': 1115}, {'bookingid': 9913}, {'bookingid': 7333}, {'bookingid': 1220}, {'bookingid': 14644}, {'bookingid': 13851}, {'bookingid': 821}, {'bookingid': 6060}, {'bookingid': 8279}, {'bookingid': 6399}, {'bookingid': 5376}, {'bookingid': 8824}, {'bookingid': 6612}, {'bookingid': 9485}, {'bookingid': 7258}, {'bookingid': 14089}, {'bookingid': 4831}, {'bookingid': 7416}, {'bookingid': 9307}, {'bookingid': 9698}, {'bookingid': 8903}, {'bookingid': 9140}, {'bookingid': 8599}, {'bookingid': 5574}, {'bookingid': 872}, {'bookingid': 15278}, {'bookingid': 9961}, {'bookingid': 5984}, {'bookingid': 5470}, {'bookingid': 7861}, {'bookingid': 8133}, {'bookingid': 5462}, {'bookingid': 84}, {'bookingid': 10319}, {'bookingid': 1781}, {'bookingid': 1725}, {'bookingid': 12314}, {'bookingid': 15115}, {'bookingid': 18006}, {'bookingid': 6197}, {'bookingid': 1799}, {'bookingid': 5527}, {'bookingid': 9339}, {'bookingid': 8009}, {'bookingid': 1653}, {'bookingid': 6005}, {'bookingid': 7510}, {'bookingid': 5442}, {'bookingid': 5847}, {'bookingid': 15687}, {'bookingid': 7785}, {'bookingid': 9714}, {'bookingid': 10022}, {'bookingid': 6882}, {'bookingid': 1466}, {'bookingid': 6888}, {'bookingid': 10040}, {'bookingid': 1081}, {'bookingid': 7545}, {'bookingid': 6165}, {'bookingid': 15756}, {'bookingid': 1099}, {'bookingid': 1576}, {'bookingid': 7295}, {'bookingid': 2959}, {'bookingid': 5949}, {'bookingid': 7459}, {'bookingid': 13845}, {'bookingid': 10550}, {'bookingid': 261}, {'bookingid': 14084}, {'bookingid': 5790}, {'bookingid': 10184}, {'bookingid': 6414}, {'bookingid': 551}, {'bookingid': 1744}, {'bookingid': 6573}, {'bookingid': 6428}, {'bookingid': 7867}, {'bookingid': 4718}, {'bookingid': 1613}, {'bookingid': 9703}, {'bookingid': 7094}, {'bookingid': 5968}, {'bookingid': 658}, {'bookingid': 7796}, {'bookingid': 1143}, {'bookingid': 10056}, {'bookingid': 8879}, {'bookingid': 14895}, {'bookingid': 8956}, {'bookingid': 4676}, {'bookingid': 9500}, {'bookingid': 708}, {'bookingid': 15792}, {'bookingid': 17922}, {'bookingid': 15336}, {'bookingid': 826}, {'bookingid': 7949}, {'bookingid': 10157}, {'bookingid': 15315}, {'bookingid': 7350}, {'bookingid': 5862}, {'bookingid': 17914}, {'bookingid': 7084}, {'bookingid': 8547}, {'bookingid': 15295}, {'bookingid': 756}, {'bookingid': 6465}, {'bookingid': 10115}, {'bookingid': 6419}, {'bookingid': 15249}, {'bookingid': 12360}, {'bookingid': 10301}, {'bookingid': 8950}, {'bookingid': 12337}, {'bookingid': 15107}, {'bookingid': 15650}, {'bookingid': 9293}, {'bookingid': 7417}, {'bookingid': 15025}, {'bookingid': 1284}, {'bookingid': 6529}, {'bookingid': 9159}, {'bookingid': 15814}, {'bookingid': 15021}, {'bookingid': 9385}, {'bookingid': 9294}, {'bookingid': 3019}, {'bookingid': 6011}, {'bookingid': 7029}, {'bookingid': 5349}, {'bookingid': 15211}, {'bookingid': 15552}, {'bookingid': 8395}, {'bookingid': 8664}, {'bookingid': 6260}, {'bookingid': 10150}, {'bookingid': 7409}, {'bookingid': 7590}, {'bookingid': 15231}, {'bookingid': 521}, {'bookingid': 10751}, {'bookingid': 6337}, {'bookingid': 10571}, {'bookingid': 1093}, {'bookingid': 14686}, {'bookingid': 777}, {'bookingid': 14720}, {'bookingid': 9659}, {'bookingid': 6588}, {'bookingid': 1378}, {'bookingid': 9939}, {'bookingid': 9396}, {'bookingid': 10566}, {'bookingid': 7200}, {'bookingid': 952}, {'bookingid': 9296}, {'bookingid': 5246}, {'bookingid': 1440}, {'bookingid': 7652}, {'bookingid': 4817}, {'bookingid': 1474}, {'bookingid': 107}, {'bookingid': 8102}, {'bookingid': 15787}, {'bookingid': 8480}, {'bookingid': 8542}, {'bookingid': 5950}, {'bookingid': 14052}, {'bookingid': 14773}, {'bookingid': 6902}, {'bookingid': 7441}, {'bookingid': 152}, {'bookingid': 16942}, {'bookingid': 995}, {'bookingid': 7242}, {'bookingid': 9775}, {'bookingid': 5553}, {'bookingid': 15784}, {'bookingid': 8079}, {'bookingid': 10421}, {'bookingid': 5068}, {'bookingid': 8816}, {'bookingid': 8854}, {'bookingid': 9828}, {'bookingid': 7596}, {'bookingid': 8739}, {'bookingid': 844}, {'bookingid': 14501}, {'bookingid': 503}, {'bookingid': 10741}, {'bookingid': 1275}, {'bookingid': 911}, {'bookingid': 5535}, {'bookingid': 8352}, {'bookingid': 10448}, {'bookingid': 6985}, {'bookingid': 5919}, {'bookingid': 9397}, {'bookingid': 9718}, {'bookingid': 8787}, {'bookingid': 14617}, {'bookingid': 9953}, {'bookingid': 1669}, {'bookingid': 7}, {'bookingid': 2992}, {'bookingid': 10601}, {'bookingid': 14905}, {'bookingid': 316}, {'bookingid': 7287}, {'bookingid': 8038}, {'bookingid': 6124}, {'bookingid': 4642}, {'bookingid': 9929}, {'bookingid': 10474}, {'bookingid': 8135}, {'bookingid': 14828}, {'bookingid': 10074}, {'bookingid': 8425}, {'bookingid': 310}, {'bookingid': 14574}, {'bookingid': 15608}, {'bookingid': 7854}, {'bookingid': 15704}, {'bookingid': 7085}, {'bookingid': 18149}, {'bookingid': 6713}, {'bookingid': 8035}, {'bookingid': 7639}, {'bookingid': 15232}, {'bookingid': 24}, {'bookingid': 1501}, {'bookingid': 9842}, {'bookingid': 598}, {'bookingid': 13878}, {'bookingid': 8080}, {'bookingid': 10286}, {'bookingid': 9263}, {'bookingid': 1035}, {'bookingid': 6298}, {'bookingid': 3014}, {'bookingid': 3010}, {'bookingid': 8580}, {'bookingid': 4778}, {'bookingid': 8441}, {'bookingid': 4784}, {'bookingid': 7040}, {'bookingid': 7932}, {'bookingid': 7039}, {'bookingid': 7843}, {'bookingid': 7954}, {'bookingid': 15725}, {'bookingid': 959}, {'bookingid': 127}, {'bookingid': 14030}, {'bookingid': 4939}, {'bookingid': 8607}, {'bookingid': 5480}, {'bookingid': 775}, {'bookingid': 1661}, {'bookingid': 7453}, {'bookingid': 683}, {'bookingid': 10737}, {'bookingid': 8174}, {'bookingid': 9067}, {'bookingid': 5429}, {'bookingid': 14406}, {'bookingid': 7037}, {'bookingid': 148}, {'bookingid': 10356}, {'bookingid': 5741}, {'bookingid': 10400}, {'bookingid': 9209}, {'bookingid': 5435}, {'bookingid': 109}, {'bookingid': 178}, {'bookingid': 250}, {'bookingid': 15254}, {'bookingid': 14892}, {'bookingid': 15312}, {'bookingid': 1424}, {'bookingid': 9454}, {'bookingid': 14086}, {'bookingid': 288}, {'bookingid': 13946}, {'bookingid': 9012}, {'bookingid': 6970}, {'bookingid': 7767}, {'bookingid': 7078}, {'bookingid': 8036}, {'bookingid': 580}, {'bookingid': 41}, {'bookingid': 6805}, {'bookingid': 5503}, {'bookingid': 10756}, {'bookingid': 8027}, {'bookingid': 1741}, {'bookingid': 15094}, {'bookingid': 7732}, {'bookingid': 6926}, {'bookingid': 9783}, {'bookingid': 972}, {'bookingid': 6001}, {'bookingid': 982}, {'bookingid': 370}, {'bookingid': 9085}, {'bookingid': 340}, {'bookingid': 13990}, {'bookingid': 8157}, {'bookingid': 13933}, {'bookingid': 1335}, {'bookingid': 1151}, {'bookingid': 4895}, {'bookingid': 1226}, {'bookingid': 4949}, {'bookingid': 7740}, {'bookingid': 14804}, {'bookingid': 10118}, {'bookingid': 15084}, {'bookingid': 6674}, {'bookingid': 1633}, {'bookingid': 584}, {'bookingid': 14620}, {'bookingid': 7642}, {'bookingid': 7723}, {'bookingid': 140}, {'bookingid': 1539}, {'bookingid': 6837}, {'bookingid': 1236}, {'bookingid': 7734}, {'bookingid': 7262}, {'bookingid': 6441}, {'bookingid': 1406}, {'bookingid': 9189}, {'bookingid': 8588}, {'bookingid': 14957}, {'bookingid': 12316}, {'bookingid': 5616}, {'bookingid': 10317}, {'bookingid': 6447}, {'bookingid': 1588}, {'bookingid': 9450}, {'bookingid': 9812}, {'bookingid': 14152}, {'bookingid': 10134}, {'bookingid': 4670}, {'bookingid': 8074}, {'bookingid': 6040}, {'bookingid': 6331}, {'bookingid': 315}, {'bookingid': 5586}, {'bookingid': 5032}, {'bookingid': 5735}, {'bookingid': 7485}, {'bookingid': 8396}, {'bookingid': 11302}, {'bookingid': 5744}, {'bookingid': 9882}, {'bookingid': 9495}, {'bookingid': 6839}, {'bookingid': 5073}, {'bookingid': 5121}, {'bookingid': 9066}, {'bookingid': 13936}, {'bookingid': 432}, {'bookingid': 5621}, {'bookingid': 1013}, {'bookingid': 456}, {'bookingid': 18157}, {'bookingid': 5842}, {'bookingid': 9118}, {'bookingid': 5269}, {'bookingid': 10013}, {'bookingid': 10576}, {'bookingid': 7665}, {'bookingid': 15712}, {'bookingid': 1455}, {'bookingid': 8837}, {'bookingid': 8187}, {'bookingid': 6603}, {'bookingid': 1238}, {'bookingid': 6828}, {'bookingid': 428}, {'bookingid': 7560}, {'bookingid': 8335}, {'bookingid': 2986}, {'bookingid': 10034}, {'bookingid': 10769}, {'bookingid': 5260}, {'bookingid': 15321}, {'bookingid': 1296}, {'bookingid': 18140}, {'bookingid': 764}, {'bookingid': 3283}, {'bookingid': 7885}, {'bookingid': 15667}, {'bookingid': 9705}, {'bookingid': 15515}, {'bookingid': 8843}, {'bookingid': 7777}, {'bookingid': 15134}, {'bookingid': 9739}, {'bookingid': 15561}, {'bookingid': 10166}, {'bookingid': 7768}, {'bookingid': 5709}, {'bookingid': 1265}, {'bookingid': 33}, {'bookingid': 4643}, {'bookingid': 8247}, {'bookingid': 7168}, {'bookingid': 14066}, {'bookingid': 7447}, {'bookingid': 8114}, {'bookingid': 874}, {'bookingid': 1051}, {'bookingid': 15339}, {'bookingid': 698}, {'bookingid': 548}, {'bookingid': 8120}, {'bookingid': 5562}, {'bookingid': 8223}, {'bookingid': 6250}, {'bookingid': 10366}, {'bookingid': 10332}, {'bookingid': 1224}, {'bookingid': 4921}, {'bookingid': 7388}, {'bookingid': 4688}, {'bookingid': 1485}, {'bookingid': 158}, {'bookingid': 14161}, {'bookingid': 13917}, {'bookingid': 4687}, {'bookingid': 8301}, {'bookingid': 1033}, {'bookingid': 4552}, {'bookingid': 11304}, {'bookingid': 9613}, {'bookingid': 7532}, {'bookingid': 9748}, {'bookingid': 6748}, {'bookingid': 1230}, {'bookingid': 7308}, {'bookingid': 6198}, {'bookingid': 449}, {'bookingid': 8705}, {'bookingid': 4533}, {'bookingid': 273}, {'bookingid': 5788}, {'bookingid': 8338}, {'bookingid': 4821}, {'bookingid': 8436}, {'bookingid': 14044}, {'bookingid': 7204}, {'bookingid': 5256}, {'bookingid': 17873}, {'bookingid': 8534}, {'bookingid': 7072}, {'bookingid': 15039}, {'bookingid': 1384}, {'bookingid': 14940}, {'bookingid': 9049}, {'bookingid': 12329}, {'bookingid': 7641}, {'bookingid': 4812}, {'bookingid': 17931}, {'bookingid': 10189}, {'bookingid': 6788}, {'bookingid': 6744}, {'bookingid': 10628}, {'bookingid': 4721}, {'bookingid': 6742}, {'bookingid': 6006}, {'bookingid': 666}, {'bookingid': 8067}, {'bookingid': 10329}, {'bookingid': 8064}, {'bookingid': 15578}, {'bookingid': 6038}, {'bookingid': 4699}, {'bookingid': 692}, {'bookingid': 1464}, {'bookingid': 10396}, {'bookingid': 1291}, {'bookingid': 1726}, {'bookingid': 17971}, {'bookingid': 8878}, {'bookingid': 5966}, {'bookingid': 5091}, {'bookingid': 15308}, {'bookingid': 8283}, {'bookingid': 10778}, {'bookingid': 5443}, {'bookingid': 7123}, {'bookingid': 474}, {'bookingid': 8021}, {'bookingid': 4618}, {'bookingid': 5042}, {'bookingid': 7050}, {'bookingid': 5227}, {'bookingid': 268}, {'bookingid': 8384}, {'bookingid': 8060}, {'bookingid': 345}, {'bookingid': 14254}, {'bookingid': 13834}, {'bookingid': 14692}, {'bookingid': 1494}, {'bookingid': 8470}, {'bookingid': 7967}, {'bookingid': 8938}, {'bookingid': 9102}, {'bookingid': 10377}, {'bookingid': 8798}, {'bookingid': 8755}, {'bookingid': 9921}, {'bookingid': 7433}, {'bookingid': 15637}, {'bookingid': 10350}, {'bookingid': 13971}, {'bookingid': 8900}, {'bookingid': 9725}, {'bookingid': 1118}, {'bookingid': 17974}, {'bookingid': 8206}, {'bookingid': 9459}, {'bookingid': 788}, {'bookingid': 14131}, {'bookingid': 9278}, {'bookingid': 8217}, {'bookingid': 5570}, {'bookingid': 2937}, {'bookingid': 14074}, {'bookingid': 502}, {'bookingid': 8992}, {'bookingid': 988}, {'bookingid': 727}, {'bookingid': 6763}, {'bookingid': 6675}, {'bookingid': 5184}, {'bookingid': 4878}, {'bookingid': 5577}, {'bookingid': 9531}, {'bookingid': 5887}, {'bookingid': 9490}, {'bookingid': 14780}, {'bookingid': 5084}, {'bookingid': 1598}, {'bookingid': 233}, {'bookingid': 7976}, {'bookingid': 1363}, {'bookingid': 136}, {'bookingid': 5449}, {'bookingid': 7644}, {'bookingid': 14785}, {'bookingid': 6650}, {'bookingid': 13848}, {'bookingid': 7465}, {'bookingid': 4916}, {'bookingid': 75}, {'bookingid': 6731}, {'bookingid': 9453}, {'bookingid': 15162}, {'bookingid': 1137}, {'bookingid': 7281}, {'bookingid': 13992}, {'bookingid': 5247}, {'bookingid': 1682}, {'bookingid': 5041}, {'bookingid': 2968}, {'bookingid': 14850}, {'bookingid': 8945}, {'bookingid': 451}, {'bookingid': 9555}, {'bookingid': 13826}, {'bookingid': 9970}, {'bookingid': 17946}, {'bookingid': 5620}, {'bookingid': 15222}, {'bookingid': 9680}, {'bookingid': 8001}, {'bookingid': 6396}, {'bookingid': 15656}, {'bookingid': 6685}, {'bookingid': 4920}, {'bookingid': 9299}, {'bookingid': 6170}, {'bookingid': 9761}, {'bookingid': 7261}, {'bookingid': 14178}, {'bookingid': 6759}, {'bookingid': 9083}, {'bookingid': 1225}, {'bookingid': 15270}, {'bookingid': 7775}, {'bookingid': 816}, {'bookingid': 1773}, {'bookingid': 10619}, {'bookingid': 1120}, {'bookingid': 637}, {'bookingid': 14710}, {'bookingid': 8258}, {'bookingid': 14181}, {'bookingid': 15731}, {'bookingid': 10779}, {'bookingid': 9634}, {'bookingid': 506}, {'bookingid': 14318}, {'bookingid': 603}, {'bookingid': 1217}, {'bookingid': 9917}, {'bookingid': 7239}, {'bookingid': 7939}, {'bookingid': 5428}, {'bookingid': 15693}, {'bookingid': 4597}, {'bookingid': 482}, {'bookingid': 9141}, {'bookingid': 4913}, {'bookingid': 8677}, {'bookingid': 9563}, {'bookingid': 9719}, {'bookingid': 7461}, {'bookingid': 5495}, {'bookingid': 6690}, {'bookingid': 409}, {'bookingid': 7064}, {'bookingid': 1555}, {'bookingid': 10114}, {'bookingid': 1662}, {'bookingid': 1622}, {'bookingid': 9664}, {'bookingid': 14984}, {'bookingid': 8172}, {'bookingid': 1585}, {'bookingid': 15106}, {'bookingid': 6384}, {'bookingid': 14816}, {'bookingid': 8049}, {'bookingid': 1050}, {'bookingid': 10270}, {'bookingid': 14740}, {'bookingid': 410}, {'bookingid': 738}, {'bookingid': 6125}, {'bookingid': 1497}, {'bookingid': 5813}, {'bookingid': 14047}, {'bookingid': 5764}, {'bookingid': 6530}, {'bookingid': 6756}, {'bookingid': 8574}, {'bookingid': 8600}, {'bookingid': 9306}, {'bookingid': 13909}, {'bookingid': 6591}, {'bookingid': 299}, {'bookingid': 14861}, {'bookingid': 15183}, {'bookingid': 6354}, {'bookingid': 9329}, {'bookingid': 8829}, {'bookingid': 14401}, {'bookingid': 8419}, {'bookingid': 8138}, {'bookingid': 9123}, {'bookingid': 1757}, {'bookingid': 8196}, {'bookingid': 5642}, {'bookingid': 940}, {'bookingid': 6625}, {'bookingid': 8055}, {'bookingid': 10050}, {'bookingid': 15289}, {'bookingid': 287}, {'bookingid': 8198}, {'bookingid': 14529}, {'bookingid': 5558}, {'bookingid': 4671}, {'bookingid': 4632}, {'bookingid': 10584}, {'bookingid': 11296}, {'bookingid': 17972}, {'bookingid': 954}, {'bookingid': 6857}, {'bookingid': 419}, {'bookingid': 8399}, {'bookingid': 1538}, {'bookingid': 1513}, {'bookingid': 8584}, {'bookingid': 10633}, {'bookingid': 6606}, {'bookingid': 8579}, {'bookingid': 9147}, {'bookingid': 7057}, {'bookingid': 8562}, {'bookingid': 6161}, {'bookingid': 8451}, {'bookingid': 10360}, {'bookingid': 8647}, {'bookingid': 8115}, {'bookingid': 4830}, {'bookingid': 15804}, {'bookingid': 7229}, {'bookingid': 5733}, {'bookingid': 7293}, {'bookingid': 6911}, {'bookingid': 9744}, {'bookingid': 7202}, {'bookingid': 7539}, {'bookingid': 10038}, {'bookingid': 7323}, {'bookingid': 8416}, {'bookingid': 4946}, {'bookingid': 5939}, {'bookingid': 6421}, {'bookingid': 15190}, {'bookingid': 5264}, {'bookingid': 5717}, {'bookingid': 14674}, {'bookingid': 1423}, {'bookingid': 8143}, {'bookingid': 10771}, {'bookingid': 14041}, {'bookingid': 7749}, {'bookingid': 9957}, {'bookingid': 8936}, {'bookingid': 4889}, {'bookingid': 568}, {'bookingid': 5943}, {'bookingid': 4712}, {'bookingid': 4595}, {'bookingid': 9393}, {'bookingid': 7265}, {'bookingid': 15000}, {'bookingid': 696}, {'bookingid': 6582}, {'bookingid': 6048}, {'bookingid': 5162}, {'bookingid': 7998}, {'bookingid': 8612}, {'bookingid': 5863}, {'bookingid': 13996}, {'bookingid': 9111}, {'bookingid': 6868}, {'bookingid': 17303}, {'bookingid': 4744}, {'bookingid': 18078}, {'bookingid': 5971}, {'bookingid': 5536}, {'bookingid': 14015}, {'bookingid': 10101}, {'bookingid': 6790}, {'bookingid': 14520}, {'bookingid': 5400}, {'bookingid': 10113}, {'bookingid': 802}, {'bookingid': 4668}, {'bookingid': 7756}, {'bookingid': 326}, {'bookingid': 533}, {'bookingid': 875}, {'bookingid': 5598}, {'bookingid': 986}, {'bookingid': 1602}, {'bookingid': 9201}, {'bookingid': 1410}, {'bookingid': 16952}, {'bookingid': 4802}, {'bookingid': 7770}, {'bookingid': 8736}, {'bookingid': 868}, {'bookingid': 8839}, {'bookingid': 6398}, {'bookingid': 1297}, {'bookingid': 12315}, {'bookingid': 9229}, {'bookingid': 1429}, {'bookingid': 4898}, {'bookingid': 6152}, {'bookingid': 8838}, {'bookingid': 7279}, {'bookingid': 12304}, {'bookingid': 9206}, {'bookingid': 5876}, {'bookingid': 13906}, {'bookingid': 4538}, {'bookingid': 10549}, {'bookingid': 4754}, {'bookingid': 9859}, {'bookingid': 7207}, {'bookingid': 767}, {'bookingid': 9224}, {'bookingid': 10213}, {'bookingid': 5914}, {'bookingid': 2969}, {'bookingid': 5802}, {'bookingid': 4972}, {'bookingid': 10077}, {'bookingid': 15063}, {'bookingid': 5772}, {'bookingid': 786}, {'bookingid': 5486}, {'bookingid': 15327}, {'bookingid': 5447}, {'bookingid': 8887}, {'bookingid': 15769}, {'bookingid': 1387}, {'bookingid': 9199}, {'bookingid': 6013}, {'bookingid': 5656}, {'bookingid': 4566}, {'bookingid': 4925}, {'bookingid': 8181}, {'bookingid': 8327}, {'bookingid': 257}, {'bookingid': 6647}, {'bookingid': 14670}, {'bookingid': 209}, {'bookingid': 8109}, {'bookingid': 14555}, {'bookingid': 445}, {'bookingid': 8714}, {'bookingid': 5936}, {'bookingid': 4877}, {'bookingid': 9060}, {'bookingid': 15213}, {'bookingid': 238}, {'bookingid': 10358}, {'bookingid': 6407}, {'bookingid': 2946}, {'bookingid': 7243}, {'bookingid': 6323}, {'bookingid': 14526}, {'bookingid': 10431}, {'bookingid': 5673}, {'bookingid': 728}, {'bookingid': 13961}, {'bookingid': 15277}, {'bookingid': 14812}, {'bookingid': 9373}, {'bookingid': 5117}, {'bookingid': 7160}, {'bookingid': 10390}, {'bookingid': 303}, {'bookingid': 653}, {'bookingid': 9075}, {'bookingid': 10030}, {'bookingid': 6617}, {'bookingid': 9604}, {'bookingid': 1344}, {'bookingid': 8485}, {'bookingid': 6149}, {'bookingid': 778}, {'bookingid': 5666}, {'bookingid': 15150}, {'bookingid': 6094}, {'bookingid': 977}, {'bookingid': 14977}, {'bookingid': 17804}, {'bookingid': 10621}, {'bookingid': 18052}, {'bookingid': 6841}, {'bookingid': 8010}, {'bookingid': 5093}, {'bookingid': 8043}, {'bookingid': 6803}, {'bookingid': 10502}, {'bookingid': 9639}, {'bookingid': 8523}, {'bookingid': 6707}, {'bookingid': 10526}, {'bookingid': 6320}, {'bookingid': 9097}, {'bookingid': 512}, {'bookingid': 961}, {'bookingid': 9588}, {'bookingid': 6816}, {'bookingid': 6059}, {'bookingid': 758}, {'bookingid': 7836}, {'bookingid': 10546}, {'bookingid': 9857}, {'bookingid': 18145}, {'bookingid': 17723}, {'bookingid': 7990}, {'bookingid': 14849}, {'bookingid': 5836}, {'bookingid': 5957}, {'bookingid': 14042}, {'bookingid': 9428}, {'bookingid': 9598}, {'bookingid': 8855}, {'bookingid': 8690}, {'bookingid': 15566}, {'bookingid': 15684}, {'bookingid': 4840}, {'bookingid': 6915}, {'bookingid': 6774}, {'bookingid': 1405}, {'bookingid': 10417}, {'bookingid': 10098}, {'bookingid': 9807}, {'bookingid': 10406}, {'bookingid': 9238}, {'bookingid': 9168}, {'bookingid': 5963}, {'bookingid': 10293}, {'bookingid': 15718}, {'bookingid': 1927}, {'bookingid': 8269}, {'bookingid': 15202}, {'bookingid': 10177}, {'bookingid': 6760}, {'bookingid': 5346}, {'bookingid': 15006}, {'bookingid': 4959}, {'bookingid': 8984}, {'bookingid': 6193}, {'bookingid': 7571}, {'bookingid': 10161}, {'bookingid': 8770}, {'bookingid': 7190}, {'bookingid': 1000}, {'bookingid': 7216}, {'bookingid': 4606}, {'bookingid': 64}, {'bookingid': 10124}, {'bookingid': 9621}, {'bookingid': 15576}, {'bookingid': 1290}, {'bookingid': 8393}, {'bookingid': 6607}, {'bookingid': 5525}, {'bookingid': 10439}, {'bookingid': 487}, {'bookingid': 6700}, {'bookingid': 46}, {'bookingid': 7028}, {'bookingid': 8518}, {'bookingid': 9341}, {'bookingid': 9559}, {'bookingid': 9389}, {'bookingid': 9188}, {'bookingid': 7787}, {'bookingid': 10767}, {'bookingid': 15108}, {'bookingid': 9243}, {'bookingid': 1390}, {'bookingid': 16930}, {'bookingid': 8450}, {'bookingid': 7614}, {'bookingid': 10049}, {'bookingid': 8448}, {'bookingid': 983}, {'bookingid': 5000}, {'bookingid': 9077}, {'bookingid': 4756}, {'bookingid': 1718}, {'bookingid': 15770}, {'bookingid': 13958}, {'bookingid': 5937}, {'bookingid': 13988}, {'bookingid': 8418}, {'bookingid': 10130}, {'bookingid': 7907}, {'bookingid': 32}, {'bookingid': 6364}, {'bookingid': 15053}, {'bookingid': 7184}, {'bookingid': 8668}, {'bookingid': 1906}, {'bookingid': 131}, {'bookingid': 1734}, {'bookingid': 1922}, {'bookingid': 6658}, {'bookingid': 8019}, {'bookingid': 1165}, {'bookingid': 6532}, {'bookingid': 13849}, {'bookingid': 556}, {'bookingid': 1717}, {'bookingid': 5662}, {'bookingid': 8310}, {'bookingid': 7746}, {'bookingid': 9637}, {'bookingid': 13953}, {'bookingid': 5691}, {'bookingid': 15242}, {'bookingid': 7211}, {'bookingid': 8262}, {'bookingid': 7346}, {'bookingid': 13888}, {'bookingid': 15272}, {'bookingid': 15291}, {'bookingid': 7607}, {'bookingid': 6390}, {'bookingid': 18045}, {'bookingid': 15189}, {'bookingid': 4856}, {'bookingid': 8123}, {'bookingid': 5491}, {'bookingid': 6977}, {'bookingid': 1771}, {'bookingid': 18117}, {'bookingid': 10025}, {'bookingid': 5681}, {'bookingid': 8051}, {'bookingid': 1566}, {'bookingid': 742}, {'bookingid': 5894}, {'bookingid': 10061}, {'bookingid': 1312}, {'bookingid': 7810}, {'bookingid': 1740}, {'bookingid': 7594}, {'bookingid': 6524}, {'bookingid': 7543}, {'bookingid': 1243}, {'bookingid': 10547}, {'bookingid': 6555}, {'bookingid': 17935}, {'bookingid': 9985}, {'bookingid': 724}, {'bookingid': 5069}, {'bookingid': 5130}, {'bookingid': 7305}, {'bookingid': 8210}, {'bookingid': 5928}, {'bookingid': 414}, {'bookingid': 1564}, {'bookingid': 8194}, {'bookingid': 13976}, {'bookingid': 7008}, {'bookingid': 895}, {'bookingid': 2993}, {'bookingid': 5746}, {'bookingid': 7761}, {'bookingid': 7288}, {'bookingid': 8355}, {'bookingid': 15538}, {'bookingid': 7041}, {'bookingid': 6549}, {'bookingid': 15114}, {'bookingid': 8356}, {'bookingid': 13922}, {'bookingid': 1003}, {'bookingid': 254}, {'bookingid': 8239}, {'bookingid': 6286}, {'bookingid': 14033}, {'bookingid': 30}, {'bookingid': 14008}, {'bookingid': 15513}, {'bookingid': 9479}, {'bookingid': 1375}, {'bookingid': 14904}, {'bookingid': 8380}, {'bookingid': 15629}, {'bookingid': 5333}, {'bookingid': 15192}, {'bookingid': 9905}, {'bookingid': 9907}, {'bookingid': 5774}, {'bookingid': 4737}, {'bookingid': 6618}, {'bookingid': 15603}, {'bookingid': 8305}, {'bookingid': 14866}, {'bookingid': 5638}, {'bookingid': 7071}, {'bookingid': 177}, {'bookingid': 15218}, {'bookingid': 6194}, {'bookingid': 9207}, {'bookingid': 7604}, {'bookingid': 1411}, {'bookingid': 9516}, {'bookingid': 8323}, {'bookingid': 8830}, {'bookingid': 9967}, {'bookingid': 7991}, {'bookingid': 1902}, {'bookingid': 7488}, {'bookingid': 14584}, {'bookingid': 160}, {'bookingid': 8284}, {'bookingid': 9766}, {'bookingid': 10496}, {'bookingid': 5944}, {'bookingid': 882}, {'bookingid': 5381}, {'bookingid': 14127}, {'bookingid': 15060}, {'bookingid': 6293}, {'bookingid': 5749}, {'bookingid': 1267}, {'bookingid': 15086}, {'bookingid': 1309}, {'bookingid': 6422}, {'bookingid': 595}, {'bookingid': 4809}, {'bookingid': 6466}, {'bookingid': 4700}, {'bookingid': 7066}, {'bookingid': 10272}, {'bookingid': 5106}, {'bookingid': 15145}, {'bookingid': 5755}, {'bookingid': 15195}, {'bookingid': 5482}, {'bookingid': 8827}, {'bookingid': 9174}, {'bookingid': 13903}, {'bookingid': 10398}, {'bookingid': 2943}, {'bookingid': 175}, {'bookingid': 16939}, {'bookingid': 9597}, {'bookingid': 13982}, {'bookingid': 7363}, {'bookingid': 8832}, {'bookingid': 6455}, {'bookingid': 10191}, {'bookingid': 17978}, {'bookingid': 14760}, {'bookingid': 5716}, {'bookingid': 2930}, {'bookingid': 364}, {'bookingid': 7010}, {'bookingid': 8257}, {'bookingid': 15142}, {'bookingid': 15123}, {'bookingid': 4911}, {'bookingid': 7748}, {'bookingid': 6832}, {'bookingid': 9987}, {'bookingid': 10393}, {'bookingid': 1578}, {'bookingid': 1366}, {'bookingid': 10432}, {'bookingid': 8957}, {'bookingid': 841}, {'bookingid': 17981}, {'bookingid': 4673}, {'bookingid': 18046}, {'bookingid': 8372}, {'bookingid': 10544}, {'bookingid': 7670}, {'bookingid': 9652}, {'bookingid': 8477}, {'bookingid': 776}, {'bookingid': 6810}, {'bookingid': 5634}, {'bookingid': 8646}, {'bookingid': 7825}, {'bookingid': 18107}, {'bookingid': 566}, {'bookingid': 6667}, {'bookingid': 7148}, {'bookingid': 9797}, {'bookingid': 6599}, {'bookingid': 13987}, {'bookingid': 7648}, {'bookingid': 5492}, {'bookingid': 236}, {'bookingid': 6539}, {'bookingid': 2954}, {'bookingid': 10738}, {'bookingid': 8746}, {'bookingid': 9583}, {'bookingid': 15819}, {'bookingid': 5100}, {'bookingid': 8934}, {'bookingid': 15332}, {'bookingid': 9381}, {'bookingid': 5545}, {'bookingid': 320}, {'bookingid': 5391}, {'bookingid': 6589}, {'bookingid': 6708}, {'bookingid': 1797}, {'bookingid': 1259}, {'bookingid': 4942}, {'bookingid': 5905}, {'bookingid': 1495}, {'bookingid': 9850}, {'bookingid': 5841}, {'bookingid': 5024}, {'bookingid': 13991}, {'bookingid': 9724}, {'bookingid': 5425}, {'bookingid': 359}, {'bookingid': 17906}, {'bookingid': 10580}, {'bookingid': 7533}, {'bookingid': 15524}, {'bookingid': 6146}, {'bookingid': 8259}, {'bookingid': 17672}, {'bookingid': 16}, {'bookingid': 9136}, {'bookingid': 5827}, {'bookingid': 276}, {'bookingid': 7905}, {'bookingid': 15329}, {'bookingid': 14756}, {'bookingid': 14259}, {'bookingid': 13897}, {'bookingid': 8998}, {'bookingid': 1092}, {'bookingid': 7055}, {'bookingid': 7880}, {'bookingid': 6992}, {'bookingid': 1174}, {'bookingid': 196}, {'bookingid': 13763}, {'bookingid': 9190}, {'bookingid': 939}, {'bookingid': 5975}, {'bookingid': 7862}, {'bookingid': 15708}, {'bookingid': 1028}, {'bookingid': 6489}, {'bookingid': 8844}, {'bookingid': 4686}, {'bookingid': 17990}, {'bookingid': 10449}, {'bookingid': 1687}, {'bookingid': 8209}, {'bookingid': 6904}, {'bookingid': 9301}, {'bookingid': 7544}, {'bookingid': 9925}, {'bookingid': 5039}, {'bookingid': 967}, {'bookingid': 9204}, {'bookingid': 14744}, {'bookingid': 4585}, {'bookingid': 14959}, {'bookingid': 14716}, {'bookingid': 10143}, {'bookingid': 6380}, {'bookingid': 8199}, {'bookingid': 8099}, {'bookingid': 7009}, {'bookingid': 6514}, {'bookingid': 92}, {'bookingid': 8614}, {'bookingid': 6017}, {'bookingid': 14191}, {'bookingid': 9885}, {'bookingid': 1462}, {'bookingid': 9372}, {'bookingid': 7971}, {'bookingid': 4654}, {'bookingid': 6416}, {'bookingid': 8966}, {'bookingid': 7588}, {'bookingid': 14949}, {'bookingid': 18033}, {'bookingid': 15683}, {'bookingid': 631}, {'bookingid': 13417}, {'bookingid': 15542}, {'bookingid': 834}, {'bookingid': 16950}, {'bookingid': 4999}, {'bookingid': 1478}, {'bookingid': 9937}, {'bookingid': 5797}, {'bookingid': 5743}, {'bookingid': 9547}, {'bookingid': 8020}, {'bookingid': 852}, {'bookingid': 8748}, {'bookingid': 10477}, {'bookingid': 407}, {'bookingid': 701}, {'bookingid': 8502}, {'bookingid': 10388}, {'bookingid': 8732}, {'bookingid': 15035}, {'bookingid': 5979}, {'bookingid': 6737}, {'bookingid': 905}, {'bookingid': 6035}, {'bookingid': 14585}, {'bookingid': 6579}, {'bookingid': 52}, {'bookingid': 8676}, {'bookingid': 6814}, {'bookingid': 7317}, {'bookingid': 8591}, {'bookingid': 8519}, {'bookingid': 94}, {'bookingid': 10060}, {'bookingid': 1748}, {'bookingid': 10000}, {'bookingid': 8286}, {'bookingid': 4991}, {'bookingid': 10565}, {'bookingid': 633}, {'bookingid': 9623}, {'bookingid': 13862}, {'bookingid': 9684}, {'bookingid': 5337}, {'bookingid': 859}, {'bookingid': 4743}, {'bookingid': 7597}, {'bookingid': 7355}, {'bookingid': 10267}, {'bookingid': 7909}, {'bookingid': 9826}, {'bookingid': 11294}, {'bookingid': 325}, {'bookingid': 15302}, {'bookingid': 9933}, {'bookingid': 450}, {'bookingid': 14302}, {'bookingid': 1133}, {'bookingid': 7561}, {'bookingid': 5961}, {'bookingid': 7325}, {'bookingid': 1349}, {'bookingid': 14991}, {'bookingid': 8873}, {'bookingid': 9965}, {'bookingid': 12332}, {'bookingid': 10558}, {'bookingid': 1795}, {'bookingid': 3016}, {'bookingid': 7429}, {'bookingid': 10142}, {'bookingid': 4897}, {'bookingid': 13871}, {'bookingid': 10052}, {'bookingid': 15143}, {'bookingid': 9279}, {'bookingid': 16929}, {'bookingid': 8917}, {'bookingid': 1383}, {'bookingid': 648}, {'bookingid': 7380}, {'bookingid': 6515}, {'bookingid': 9112}, {'bookingid': 7602}, {'bookingid': 8040}, {'bookingid': 15726}, {'bookingid': 5241}, {'bookingid': 465}, {'bookingid': 9070}, {'bookingid': 5880}, {'bookingid': 379}, {'bookingid': 1604}, {'bookingid': 540}, {'bookingid': 9645}, {'bookingid': 8281}, {'bookingid': 433}, {'bookingid': 8213}, {'bookingid': 4957}, {'bookingid': 7904}, {'bookingid': 5689}, {'bookingid': 5286}, {'bookingid': 15694}, {'bookingid': 15256}, {'bookingid': 5828}, {'bookingid': 2977}, {'bookingid': 6998}, {'bookingid': 9095}, {'bookingid': 9924}, {'bookingid': 6336}, {'bookingid': 15014}, {'bookingid': 9624}, {'bookingid': 10540}, {'bookingid': 6917}, {'bookingid': 5385}, {'bookingid': 9333}, {'bookingid': 8595}, {'bookingid': 9219}, {'bookingid': 5785}, {'bookingid': 8407}, {'bookingid': 10564}, {'bookingid': 15793}, {'bookingid': 8771}, {'bookingid': 1183}, {'bookingid': 14440}, {'bookingid': 5710}, {'bookingid': 6746}, {'bookingid': 479}, {'bookingid': 15188}, {'bookingid': 8762}, {'bookingid': 9331}, {'bookingid': 7769}, {'bookingid': 5806}, {'bookingid': 710}, {'bookingid': 8153}, {'bookingid': 1656}, {'bookingid': 8309}, {'bookingid': 5189}, {'bookingid': 6627}, {'bookingid': 9061}, {'bookingid': 6158}, {'bookingid': 5284}, {'bookingid': 7786}, {'bookingid': 6635}, {'bookingid': 14020}, {'bookingid': 402}, {'bookingid': 15559}, {'bookingid': 5454}, {'bookingid': 7156}, {'bookingid': 6863}, {'bookingid': 265}, {'bookingid': 1314}, {'bookingid': 10353}, {'bookingid': 463}, {'bookingid': 15568}, {'bookingid': 855}, {'bookingid': 5528}, {'bookingid': 6371}, {'bookingid': 7742}, {'bookingid': 8385}, {'bookingid': 9375}, {'bookingid': 10604}, {'bookingid': 7559}, {'bookingid': 225}, {'bookingid': 6611}, {'bookingid': 15305}, {'bookingid': 5765}, {'bookingid': 14902}, {'bookingid': 12346}, {'bookingid': 5128}, {'bookingid': 6938}, {'bookingid': 15159}, {'bookingid': 13736}, {'bookingid': 6594}, {'bookingid': 6719}, {'bookingid': 7763}, {'bookingid': 15642}, {'bookingid': 14382}, {'bookingid': 10090}, {'bookingid': 7369}, {'bookingid': 15215}, {'bookingid': 7245}, {'bookingid': 9395}, {'bookingid': 6973}, {'bookingid': 883}, {'bookingid': 13980}, {'bookingid': 8861}, {'bookingid': 7296}, {'bookingid': 6192}, {'bookingid': 6601}, {'bookingid': 10011}, {'bookingid': 14920}, {'bookingid': 10788}, {'bookingid': 6464}, {'bookingid': 7027}, {'bookingid': 15740}, {'bookingid': 15714}, {'bookingid': 4527}, {'bookingid': 543}, {'bookingid': 5374}, {'bookingid': 9529}, {'bookingid': 10450}, {'bookingid': 14045}, {'bookingid': 5355}, {'bookingid': 7362}, {'bookingid': 5105}, {'bookingid': 10744}, {'bookingid': 950}, {'bookingid': 18090}, {'bookingid': 9231}, {'bookingid': 13889}, {'bookingid': 1664}, {'bookingid': 5351}, {'bookingid': 117}, {'bookingid': 12323}, {'bookingid': 5906}, {'bookingid': 15191}, {'bookingid': 9656}, {'bookingid': 7338}, {'bookingid': 1353}, {'bookingid': 1688}, {'bookingid': 15772}, {'bookingid': 8973}, {'bookingid': 10498}, {'bookingid': 5521}, {'bookingid': 560}, {'bookingid': 13944}, {'bookingid': 6968}, {'bookingid': 8207}, {'bookingid': 6668}, {'bookingid': 8810}, {'bookingid': 16926}, {'bookingid': 6279}, {'bookingid': 8737}, {'bookingid': 896}, {'bookingid': 9995}, {'bookingid': 5421}, {'bookingid': 4818}, {'bookingid': 522}, {'bookingid': 14998}, {'bookingid': 6249}, {'bookingid': 8812}, {'bookingid': 5387}, {'bookingid': 4628}, {'bookingid': 10257}, {'bookingid': 2953}, {'bookingid': 7635}, {'bookingid': 6957}, {'bookingid': 10162}, {'bookingid': 10454}, {'bookingid': 8586}, {'bookingid': 664}, {'bookingid': 6262}, {'bookingid': 9716}, {'bookingid': 16951}, {'bookingid': 9541}, {'bookingid': 8701}, {'bookingid': 12328}, {'bookingid': 906}, {'bookingid': 6442}, {'bookingid': 8318}, {'bookingid': 4412}, {'bookingid': 7685}, {'bookingid': 7426}, {'bookingid': 8275}, {'bookingid': 4729}, {'bookingid': 4693}, {'bookingid': 1681}, {'bookingid': 9196}, {'bookingid': 4917}, {'bookingid': 17514}, {'bookingid': 5396}, {'bookingid': 14051}, {'bookingid': 1394}, {'bookingid': 1924}, {'bookingid': 5881}, {'bookingid': 1737}, {'bookingid': 6176}, {'bookingid': 5102}, {'bookingid': 11289}, {'bookingid': 10119}, {'bookingid': 253}, {'bookingid': 10770}, {'bookingid': 808}, {'bookingid': 8557}, {'bookingid': 8635}, {'bookingid': 5201}, {'bookingid': 9778}, {'bookingid': 10314}, {'bookingid': 14530}, {'bookingid': 8469}, {'bookingid': 7672}, {'bookingid': 15613}, {'bookingid': 375}, {'bookingid': 6616}, {'bookingid': 8430}, {'bookingid': 8721}, {'bookingid': 7049}, {'bookingid': 9318}, {'bookingid': 4648}, {'bookingid': 6353}, {'bookingid': 6883}, {'bookingid': 8811}, {'bookingid': 9366}, {'bookingid': 15627}, {'bookingid': 4609}, {'bookingid': 15105}, {'bookingid': 9557}, {'bookingid': 2950}, {'bookingid': 9109}, {'bookingid': 1016}, {'bookingid': 6178}, {'bookingid': 12363}, {'bookingid': 14286}, {'bookingid': 7167}, {'bookingid': 12335}, {'bookingid': 1409}, {'bookingid': 9064}, {'bookingid': 8117}, {'bookingid': 7186}, {'bookingid': 13985}, {'bookingid': 10236}, {'bookingid': 8548}, {'bookingid': 5229}, {'bookingid': 7809}, {'bookingid': 652}, {'bookingid': 9044}, {'bookingid': 10343}, {'bookingid': 5137}, {'bookingid': 15531}, {'bookingid': 7568}, {'bookingid': 8454}, {'bookingid': 7847}, {'bookingid': 6190}, {'bookingid': 8311}, {'bookingid': 1280}, {'bookingid': 8944}, {'bookingid': 9824}, {'bookingid': 13997}, {'bookingid': 8088}, {'bookingid': 14934}, {'bookingid': 10231}, {'bookingid': 10211}, {'bookingid': 6779}, {'bookingid': 8033}, {'bookingid': 14915}, {'bookingid': 6858}, {'bookingid': 7550}, {'bookingid': 12358}, {'bookingid': 8683}, {'bookingid': 6406}, {'bookingid': 6698}, {'bookingid': 5043}, {'bookingid': 4661}, {'bookingid': 6697}, {'bookingid': 9959}, {'bookingid': 1188}, {'bookingid': 9817}, {'bookingid': 1202}, {'bookingid': 5631}, {'bookingid': 2952}, {'bookingid': 4803}, {'bookingid': 4836}, {'bookingid': 5751}, {'bookingid': 15251}, {'bookingid': 15088}, {'bookingid': 14951}, {'bookingid': 7256}, {'bookingid': 1045}, {'bookingid': 14567}, {'bookingid': 8334}, {'bookingid': 9087}, {'bookingid': 6531}, {'bookingid': 1055}, {'bookingid': 7968}, {'bookingid': 8931}, {'bookingid': 5483}, {'bookingid': 10304}, {'bookingid': 7811}, {'bookingid': 1518}, {'bookingid': 5781}, {'bookingid': 5120}, {'bookingid': 12330}, {'bookingid': 909}, {'bookingid': 916}, {'bookingid': 679}, {'bookingid': 9633}, {'bookingid': 9565}, {'bookingid': 14913}, {'bookingid': 7368}, {'bookingid': 8366}, {'bookingid': 7628}, {'bookingid': 7227}, {'bookingid': 15153}, {'bookingid': 230}, {'bookingid': 6754}, {'bookingid': 6694}, {'bookingid': 5626}, {'bookingid': 15023}, {'bookingid': 5290}, {'bookingid': 5343}, {'bookingid': 14919}, {'bookingid': 14091}, {'bookingid': 12338}, {'bookingid': 5660}, {'bookingid': 10182}, {'bookingid': 1575}, {'bookingid': 14345}, {'bookingid': 6082}, {'bookingid': 569}, {'bookingid': 7322}, {'bookingid': 9415}, {'bookingid': 425}, {'bookingid': 5564}, {'bookingid': 8977}, {'bookingid': 8636}, {'bookingid': 1679}, {'bookingid': 9153}, {'bookingid': 8261}, {'bookingid': 14494}, {'bookingid': 6022}, {'bookingid': 9286}, {'bookingid': 1926}, {'bookingid': 8929}, {'bookingid': 958}, {'bookingid': 44}, {'bookingid': 10203}, {'bookingid': 4690}, {'bookingid': 7422}, {'bookingid': 4722}, {'bookingid': 5133}, {'bookingid': 15593}, {'bookingid': 1904}, {'bookingid': 7032}, {'bookingid': 9545}, {'bookingid': 2983}, {'bookingid': 13963}, {'bookingid': 6695}, {'bookingid': 5912}, {'bookingid': 361}, {'bookingid': 10462}, {'bookingid': 13910}, {'bookingid': 15512}, {'bookingid': 5113}, {'bookingid': 5888}, {'bookingid': 5236}, {'bookingid': 7188}, {'bookingid': 8474}, {'bookingid': 10002}, {'bookingid': 10559}, {'bookingid': 9368}, {'bookingid': 14133}, {'bookingid': 8466}, {'bookingid': 10095}, {'bookingid': 8888}, {'bookingid': 5255}, {'bookingid': 14439}, {'bookingid': 7491}, {'bookingid': 8681}, {'bookingid': 1100}, {'bookingid': 6458}, {'bookingid': 9897}, {'bookingid': 596}, {'bookingid': 5512}, {'bookingid': 5670}, {'bookingid': 10284}, {'bookingid': 341}, {'bookingid': 6548}, {'bookingid': 17004}, {'bookingid': 1233}, {'bookingid': 15048}, {'bookingid': 5740}, {'bookingid': 9738}, {'bookingid': 6285}, {'bookingid': 10478}, {'bookingid': 5835}, {'bookingid': 10501}, {'bookingid': 15803}, {'bookingid': 5081}, {'bookingid': 791}, {'bookingid': 8678}, {'bookingid': 7631}, {'bookingid': 9004}, {'bookingid': 15572}, {'bookingid': 15323}, {'bookingid': 8610}, {'bookingid': 850}, {'bookingid': 6488}, {'bookingid': 10258}, {'bookingid': 1060}, {'bookingid': 9217}, {'bookingid': 5151}, {'bookingid': 5112}, {'bookingid': 7436}, {'bookingid': 9994}, {'bookingid': 6506}, {'bookingid': 18083}, {'bookingid': 6889}, {'bookingid': 10541}, {'bookingid': 5002}, {'bookingid': 4866}, {'bookingid': 13931}, {'bookingid': 14195}, {'bookingid': 9218}, {'bookingid': 4932}, {'bookingid': 1256}, {'bookingid': 14746}, {'bookingid': 4705}, {'bookingid': 6876}, {'bookingid': 10230}, {'bookingid': 1503}, {'bookingid': 6670}, {'bookingid': 6207}, {'bookingid': 18142}, {'bookingid': 452}, {'bookingid': 15594}, {'bookingid': 17709}, {'bookingid': 913}, {'bookingid': 8242}, {'bookingid': 6689}, {'bookingid': 7593}, {'bookingid': 1193}, {'bookingid': 661}, {'bookingid': 5088}, {'bookingid': 411}, {'bookingid': 8997}, {'bookingid': 1338}, {'bookingid': 6316}, {'bookingid': 833}, {'bookingid': 577}, {'bookingid': 9708}, {'bookingid': 4491}, {'bookingid': 4675}, {'bookingid': 5694}, {'bookingid': 6818}, {'bookingid': 5334}, {'bookingid': 27}, {'bookingid': 979}, {'bookingid': 8351}, {'bookingid': 7430}, {'bookingid': 1380}, {'bookingid': 15517}, {'bookingid': 9701}, {'bookingid': 14925}, {'bookingid': 1044}, {'bookingid': 15271}, {'bookingid': 9943}, {'bookingid': 7925}, {'bookingid': 5845}, {'bookingid': 9139}, {'bookingid': 9340}, {'bookingid': 1438}, {'bookingid': 1467}, {'bookingid': 6959}, {'bookingid': 8912}, {'bookingid': 10347}, {'bookingid': 616}, {'bookingid': 8246}, {'bookingid': 8381}, {'bookingid': 5677}, {'bookingid': 12343}, {'bookingid': 5410}, {'bookingid': 1036}, {'bookingid': 15333}, {'bookingid': 2961}, {'bookingid': 7240}, {'bookingid': 5603}, {'bookingid': 6630}, {'bookingid': 6614}, {'bookingid': 9143}, {'bookingid': 8105}, {'bookingid': 7193}, {'bookingid': 5210}, {'bookingid': 1170}, {'bookingid': 8013}, {'bookingid': 1420}, {'bookingid': 6864}, {'bookingid': 7030}, {'bookingid': 14921}, {'bookingid': 14376}, {'bookingid': 7060}, {'bookingid': 15808}, {'bookingid': 15125}, {'bookingid': 4740}, {'bookingid': 1047}, {'bookingid': 6239}, {'bookingid': 258}, {'bookingid': 6765}, {'bookingid': 1644}, {'bookingid': 15618}, {'bookingid': 7125}, {'bookingid': 10183}, {'bookingid': 77}, {'bookingid': 7315}, {'bookingid': 4981}, {'bookingid': 9042}, {'bookingid': 8689}, {'bookingid': 10122}, {'bookingid': 9475}, {'bookingid': 651}, {'bookingid': 14061}, {'bookingid': 15786}, {'bookingid': 323}, {'bookingid': 15317}, {'bookingid': 8486}, {'bookingid': 9732}, {'bookingid': 6859}, {'bookingid': 511}, {'bookingid': 8629}, {'bookingid': 14447}, {'bookingid': 10560}, {'bookingid': 15290}, {'bookingid': 15255}, {'bookingid': 9868}, {'bookingid': 7538}, {'bookingid': 7585}, {'bookingid': 13918}, {'bookingid': 8167}, {'bookingid': 4746}, {'bookingid': 13894}, {'bookingid': 9793}, {'bookingid': 15288}, {'bookingid': 10336}, {'bookingid': 7420}, {'bookingid': 5798}, {'bookingid': 8204}, {'bookingid': 8479}, {'bookingid': 9399}, {'bookingid': 5614}, {'bookingid': 5056}, {'bookingid': 805}, {'bookingid': 18109}, {'bookingid': 5510}, {'bookingid': 8326}, {'bookingid': 13924}, {'bookingid': 6785}, {'bookingid': 5171}, {'bookingid': 14017}, {'bookingid': 10777}, {'bookingid': 9984}, {'bookingid': 9241}, {'bookingid': 8728}, {'bookingid': 7805}, {'bookingid': 1223
[...]
{'bookingid': 4596}, {'bookingid': 348}, {'bookingid': 9170}, {'bookingid': 5378}, {'bookingid': 8179}, {'bookingid': 14071}, {'bookingid': 8158}, {'bookingid': 10494}, {'bookingid': 4851}, {'bookingid': 1557}, {'bookingid': 6057}, {'bookingid': 5101}, {'bookingid': 6415}, {'bookingid': 6180}, {'bookingid': 7666}, {'bookingid': 7318}, {'bookingid': 4749}, {'bookingid': 6686}, {'bookingid': 6885}, {'bookingid': 9631}, {'bookingid': 8058}, {'bookingid': 4903}, {'bookingid': 1427}, {'bookingid': 754}, {'bookingid': 283}, {'bookingid': 443}, {'bookingid': 8939}, {'bookingid': 435}, {'bookingid': 17065}, {'bookingid': 15669}, {'bookingid': 18136}, {'bookingid': 933}, {'bookingid': 7469}, {'bookingid': 6641}, {'bookingid': 7187}, {'bookingid': 6741}, {'bookingid': 2965}, {'bookingid': 5864}, {'bookingid': 14931}, {'bookingid': 7286}, {'bookingid': 4764}, {'bookingid': 573}, {'bookingid': 363}, {'bookingid': 8960}, {'bookingid': 114}, {'bookingid': 10136}, {'bookingid': 15751}, {'bookingid': 4994}, {'bookingid': 7721}, {'bookingid': 2955}, {'bookingid': 13986}, {'bookingid': 7562}, {'bookingid': 10185}, {'bookingid': 9860}, {'bookingid': 5882}, {'bookingid': 5196}, {'bookingid': 1262}, {'bookingid': 362}, {'bookingid': 18016}, {'bookingid': 6187}, {'bookingid': 1328}, {'bookingid': 6833}, {'bookingid': 8472}, {'bookingid': 1586}, {'bookingid': 5238}, {'bookingid': 8535}, {'bookingid': 9649}, {'bookingid': 8645}, {'bookingid': 9258}, {'bookingid': 1008}, {'bookingid': 10464}, {'bookingid': 10597}, {'bookingid': 9599}, {'bookingid': 8464}, {'bookingid': 15273}, {'bookingid': 1135}, {'bookingid': 14304}, {'bookingid': 14027}, {'bookingid': 7480}, {'bookingid': 8460}, {'bookingid': 15764}, {'bookingid': 14060}, {'bookingid': 749}, {'bookingid': 6360}, {'bookingid': 14054}, {'bookingid': 4600}, {'bookingid': 1652}, {'bookingid': 14206}, {'bookingid': 8353}, {'bookingid': 5496}, {'bookingid': 7581}, {'bookingid': 7412}, {'bookingid': 897}, {'bookingid': 5077}, {'bookingid': 14893}, {'bookingid': 4719}, {'bookingid': 6702}, {'bookingid': 15137}, {'bookingid': 7750}, {'bookingid': 6693}, {'bookingid': 9870}, {'bookingid': 10209}, {'bookingid': 4899}, {'bookingid': 7630}, {'bookingid': 8752}, {'bookingid': 10205}, {'bookingid': 9586}, {'bookingid': 9000}, {'bookingid': 1119}, {'bookingid': 217}, {'bookingid': 7963}, {'bookingid': 1061}, {'bookingid': 8455}, {'bookingid': 6255}, {'bookingid': 6900}, {'bookingid': 14517}, {'bookingid': 1094}, {'bookingid': 8162}, {'bookingid': 8389}, {'bookingid': 14556}, {'bookingid': 1209}, {'bookingid': 7970}, {'bookingid': 9007}, {'bookingid': 8688}, {'bookingid': 8354}, {'bookingid': 10001}, {'bookingid': 4827}, {'bookingid': 8240}, {'bookingid': 6050}, {'bookingid': 13964}, {'bookingid': 9487}, {'bookingid': 125}, {'bookingid': 8709}, {'bookingid': 197}, {'bookingid': 9138}, {'bookingid': 5635}, {'bookingid': 9780}, {'bookingid': 7484}, {'bookingid': 8937}, {'bookingid': 6429}, {'bookingid': 7408}, {'bookingid': 9023}, {'bookingid': 9786}, {'bookingid': 14945}, {'bookingid': 5706}, {'bookingid': 10075}, {'bookingid': 5203}, {'bookingid': 7935}, {'bookingid': 7048}, {'bookingid': 10253}, {'bookingid': 9570}, {'bookingid': 14757}, {'bookingid': 2941}, {'bookingid': 6501}, {'bookingid': 7699}, {'bookingid': 6587}, {'bookingid': 6898}, {'bookingid': 15320}, {'bookingid': 205}, {'bookingid': 8573}, {'bookingid': 10092}, {'bookingid': 10018}, {'bookingid': 292}, {'bookingid': 5773}, {'bookingid': 7913}, {'bookingid': 1507}, {'bookingid': 5945}, {'bookingid': 6073}, {'bookingid': 8850}, {'bookingid': 6990}, {'bookingid': 4649}, {'bookingid': 9507}, {'bookingid': 4669}, {'bookingid': 15083}, {'bookingid': 15279}, {'bookingid': 9212}, {'bookingid': 7865}, {'bookingid': 15602}, {'bookingid': 15544}, {'bookingid': 508}, {'bookingid': 5321}, {'bookingid': 7316}, {'bookingid': 10419}, {'bookingid': 14113}, {'bookingid': 14914}, {'bookingid': 9184}, {'bookingid': 1240}, {'bookingid': 8757}, {'bookingid': 1072}, {'bookingid': 118}, {'bookingid': 7082}, {'bookingid': 9940}, {'bookingid': 8263}, {'bookingid': 10302}, {'bookingid': 5532}, {'bookingid': 6511}, {'bookingid': 687}, {'bookingid': 9344}, {'bookingid': 8230}, {'bookingid': 14085}, {'bookingid': 8420}, {'bookingid': 1239}, {'bookingid': 7952}, {'bookingid': 8151}, {'bookingid': 14059}, {'bookingid': 5239}, {'bookingid': 7091}, {'bookingid': 944}, {'bookingid': 1430}, {'bookingid': 7718}, {'bookingid': 5280}, {'bookingid': 2933}, {'bookingid': 6881}, {'bookingid': 9982}, {'bookingid': 6551}, {'bookingid': 5647}, {'bookingid': 768}, {'bookingid': 9848}, {'bookingid': 17997}, {'bookingid': 9149}, {'bookingid': 6363}, {'bookingid': 8781}, {'bookingid': 4792}, {'bookingid': 703}, {'bookingid': 673}, {'bookingid': 9627}, {'bookingid': 227}, {'bookingid': 17953}, {'bookingid': 436}, {'bookingid': 7282}, {'bookingid': 7158}, {'bookingid': 162}, {'bookingid': 5095}, {'bookingid': 881}, {'bookingid': 88}, {'bookingid': 10045}, {'bookingid': 9122}, {'bookingid': 14489}, {'bookingid': 1590}, {'bookingid': 5967}, {'bookingid': 614}, {'bookingid': 7236}, {'bookingid': 10386}, {'bookingid': 5623}, {'bookingid': 9863}, {'bookingid': 8394}, {'bookingid': 10047}, {'bookingid': 10786}, {'bookingid': 5103}, {'bookingid': 8875}, {'bookingid': 7297}, {'bookingid': 1121}, {'bookingid': 6538}, {'bookingid': 7773}, {'bookingid': 804}, {'bookingid': 7098}, {'bookingid': 17950}, {'bookingid': 7563}, {'bookingid': 5585}, {'bookingid': 7818}, {'bookingid': 5489}, {'bookingid': 26}, {'bookingid': 7076}, {'bookingid': 10109}, {'bookingid': 15109}, {'bookingid': 464}, {'bookingid': 784}, {'bookingid': 15695}, {'bookingid': 781}, {'bookingid': 9771}, {'bookingid': 6678}, {'bookingid': 1783}, {'bookingid': 15138}, {'bookingid': 4702}, {'bookingid': 8913}, {'bookingid': 7803}, {'bookingid': 10289}, {'bookingid': 10470}, {'bookingid': 6829}, {'bookingid': 8851}, {'bookingid': 8930}, {'bookingid': 4813}, {'bookingid': 6574}, {'bookingid': 6523}, {'bookingid': 811}, {'bookingid': 7896}, {'bookingid': 9581}, {'bookingid': 9010}, {'bookingid': 13954}, {'bookingid': 14164}, {'bookingid': 5997}, {'bookingid': 9772}, {'bookingid': 14078}, {'bookingid': 6553}, {'bookingid': 1141}, {'bookingid': 746}, {'bookingid': 10625}, {'bookingid': 8063}, {'bookingid': 15525}, {'bookingid': 17955}, {'bookingid': 5092}, {'bookingid': 5173}, {'bookingid': 14928}, {'bookingid': 13901}, {'bookingid': 4698}, {'bookingid': 15745}, {'bookingid': 546}, {'bookingid': 1593}, {'bookingid': 7364}, {'bookingid': 15614}, {'bookingid': 1263}, {'bookingid': 6296}, {'bookingid': 1346}, {'bookingid': 15761}, {'bookingid': 10555}, {'bookingid': 10556}, {'bookingid': 7301}, {'bookingid': 7624}, {'bookingid': 5009}, {'bookingid': 6467}, {'bookingid': 1793}, {'bookingid': 9014}, {'bookingid': 9401}, {'bookingid': 1510}, {'bookingid': 18103}, {'bookingid': 3003}, {'bookingid': 9715}, {'bookingid': 8620}, {'bookingid': 1369}, {'bookingid': 17376}, {'bookingid': 7476}, {'bookingid': 9510}, {'bookingid': 15100}, {'bookingid': 931}, {'bookingid': 4697}, {'bookingid': 263}, {'bookingid': 1654}, {'bookingid': 6894}, {'bookingid': 7817}, {'bookingid': 14835}, {'bookingid': 1442}, {'bookingid': 6020}, {'bookingid': 4695}, {'bookingid': 7397}, {'bookingid': 5361}, {'bookingid': 730}, {'bookingid': 5340}, {'bookingid': 827}, {'bookingid': 5557}, {'bookingid': 4664}, {'bookingid': 6095}, {'bookingid': 4835}, {'bookingid': 8578}, {'bookingid': 10500}, {'bookingid': 9464}, {'bookingid': 9895}, {'bookingid': 15771}, {'bookingid': 5398}, {'bookingid': 8112}, {'bookingid': 501}, {'bookingid': 5176}, {'bookingid': 6720}, {'bookingid': 4951}, {'bookingid': 9889}, {'bookingid': 10300}, {'bookingid': 7155}, {'bookingid': 6291}, {'bookingid': 9240}, {'bookingid': 7790}, {'bookingid': 14636}, {'bookingid': 1453}, {'bookingid': 9192}, {'bookingid': 4636}, {'bookingid': 324}, {'bookingid': 5655}, {'bookingid': 10338}, {'bookingid': 4771}, {'bookingid': 7983}, {'bookingid': 10298}, {'bookingid': 15773}, {'bookingid': 5181}, {'bookingid': 6459}, {'bookingid': 1655}, {'bookingid': 10053}, {'bookingid': 5825}, {'bookingid': 9796}, {'bookingid': 14706}, {'bookingid': 9173}, {'bookingid': 100}, {'bookingid': 10019}, {'bookingid': 1071}, {'bookingid': 8671}, {'bookingid': 13978}, {'bookingid': 14833}, {'bookingid': 47}, {'bookingid': 4770}, {'bookingid': 9839}, {'bookingid': 392}, {'bookingid': 7196}, {'bookingid': 8371}, {'bookingid': 15663}, {'bookingid': 5754}, {'bookingid': 8398}, {'bookingid': 3004}, {'bookingid': 9512}, {'bookingid': 6204}, {'bookingid': 12336}, {'bookingid': 2998}, {'bookingid': 113}, {'bookingid': 8119}, {'bookingid': 4540}, {'bookingid': 10752}, {'bookingid': 10739}, {'bookingid': 6045}, {'bookingid': 5331}, {'bookingid': 2976}, {'bookingid': 4837}, {'bookingid': 9195}, {'bookingid': 656}, {'bookingid': 4627}, {'bookingid': 15171}, {'bookingid': 9311}, {'bookingid': 7752}, {'bookingid': 6317}, {'bookingid': 8874}, {'bookingid': 14176}, {'bookingid': 6798}, {'bookingid': 14408}, {'bookingid': 4724}, {'bookingid': 10316}, {'bookingid': 6631}, {'bookingid': 4886}, {'bookingid': 7052}, {'bookingid': 7096}, {'bookingid': 4987}, {'bookingid': 7530}, {'bookingid': 7312}, {'bookingid': 932}, {'bookingid': 1475}, {'bookingid': 5593}, {'bookingid': 7528}, {'bookingid': 9747}, {'bookingid': 16943}, {'bookingid': 9226}, {'bookingid': 12356}, {'bookingid': 5639}, {'bookingid': 4732}, {'bookingid': 1140}, {'bookingid': 9960}, {'bookingid': 8910}, {'bookingid': 7690}, {'bookingid': 15268}, {'bookingid': 7911}, {'bookingid': 1523}, {'bookingid': 9963}, {'bookingid': 15653}, {'bookingid': 6476}, {'bookingid': 7075}, {'bookingid': 1361}, {'bookingid': 8606}, {'bookingid': 7324}, {'bookingid': 78}, {'bookingid': 8707}, {'bookingid': 18002}, {'bookingid': 53}, {'bookingid': 15609}, {'bookingid': 9327}, {'bookingid': 7943}, {'bookingid': 7950}, {'bookingid': 8780}, {'bookingid': 8654}, {'bookingid': 7541}, {'bookingid': 7335}, {'bookingid': 8082}, {'bookingid': 6348}, {'bookingid': 6062}, {'bookingid': 15241}, {'bookingid': 9687}, {'bookingid': 5213}, {'bookingid': 7151}, {'bookingid': 6061}, {'bookingid': 15692}, {'bookingid': 7026}, {'bookingid': 10128}, {'bookingid': 6822}, {'bookingid': 5669}, {'bookingid': 138}, {'bookingid': 6974}, {'bookingid': 9011}, {'bookingid': 8507}, {'bookingid': 14387}, {'bookingid': 7778}, {'bookingid': 5446}, {'bookingid': 6527}, {'bookingid': 6954}, {'bookingid': 5254}, {'bookingid': 965}, {'bookingid': 654}, {'bookingid': 7269}, {'bookingid': 14799}, {'bookingid': 4539}, {'bookingid': 7980}, {'bookingid': 5243}, {'bookingid': 10233}, {'bookingid': 4884}, {'bookingid': 5569}, {'bookingid': 9093}, {'bookingid': 1796}, {'bookingid': 15678}, {'bookingid': 7697}, {'bookingid': 15445}, {'bookingid': 6827}, {'bookingid': 9406}, {'bookingid': 15818}, {'bookingid': 14067}, {'bookingid': 9382}, {'bookingid': 743}, {'bookingid': 9584}, {'bookingid': 15815}, {'bookingid': 4869}, {'bookingid': 248}, {'bookingid': 7958}, {'bookingid': 4896}, {'bookingid': 14062}, {'bookingid': 9999}, {'bookingid': 5612}, {'bookingid': 601}, {'bookingid': 469}, {'bookingid': 6280}, {'bookingid': 7341}, {'bookingid': 128}, {'bookingid': 422}, {'bookingid': 15020}, {'bookingid': 1696}, {'bookingid': 5901}, {'bookingid': 17934}, {'bookingid': 10506}, {'bookingid': 15029}, {'bookingid': 6935}, {'bookingid': 1404}, {'bookingid': 8061}, {'bookingid': 8552}, {'bookingid': 610}, {'bookingid': 14623}, {'bookingid': 6807}, {'bookingid': 1106}, {'bookingid': 851}, {'bookingid': 7683}, {'bookingid': 9175}, {'bookingid': 50}, {'bookingid': 10359}, {'bookingid': 10586}, {'bookingid': 8300}, {'bookingid': 14039}, {'bookingid': 5520}, {'bookingid': 13927}, {'bookingid': 91}, {'bookingid': 15296}, {'bookingid': 5327}, {'bookingid': 8041}, {'bookingid': 1580}, {'bookingid': 997}, {'bookingid': 800}, {'bookingid': 755}, {'bookingid': 6782}, {'bookingid': 5030}, {'bookingid': 6809}, {'bookingid': 5034}, {'bookingid': 1431}, {'bookingid': 260}, {'bookingid': 15049}, {'bookingid': 9834}, {'bookingid': 6755}, {'bookingid': 9035}, {'bookingid': 7727}, {'bookingid': 5412}, {'bookingid': 15709}, {'bookingid': 860}, {'bookingid': 8765}, {'bookingid': 9675}, {'bookingid': 7272}, {'bookingid': 7536}, {'bookingid': 7194}, {'bookingid': 7334}, {'bookingid': 1237}, {'bookingid': 5986}, {'bookingid': 9236}, {'bookingid': 1641}, {'bookingid': 4563}, {'bookingid': 10606}, {'bookingid': 9537}, {'bookingid': 1032}, {'bookingid': 15631}, {'bookingid': 7629}, {'bookingid': 15564}, {'bookingid': 1083}, {'bookingid': 4870}, {'bookingid': 1930}, {'bookingid': 8365}, {'bookingid': 5365}, {'bookingid': 4541}, {'bookingid': 9284}, {'bookingid': 17160}, {'bookingid': 7375}, {'bookingid': 8003}, {'bookingid': 6003}, {'bookingid': 14021}, {'bookingid': 4570}, {'bookingid': 1735}, {'bookingid': 4862}, {'bookingid': 7154}, {'bookingid': 5078}, {'bookingid': 7437}, {'bookingid': 6757}, {'bookingid': 8272}, {'bookingid': 9078}, {'bookingid': 9538}, {'bookingid': 15514}, {'bookingid': 5142}, {'bookingid': 14088}, {'bookingid': 10758}, {'bookingid': 9305}, {'bookingid': 5850}, {'bookingid': 8205}, {'bookingid': 8856}, {'bookingid': 9032}, {'bookingid': 15596}, {'bookingid': 6018}, {'bookingid': 8500}, {'bookingid': 10455}, {'bookingid': 7627}, {'bookingid': 10186}, {'bookingid': 58}, {'bookingid': 10215}, {'bookingid': 8778}, {'bookingid': 8659}, {'bookingid': 6495}, {'bookingid': 8691}, {'bookingid': 6988}, {'bookingid': 15655}, {'bookingid': 9781}, {'bookingid': 5768}, {'bookingid': 9081}, {'bookingid': 9232}, {'bookingid': 4923}, {'bookingid': 4935}, {'bookingid': 15209}, {'bookingid': 4944}, {'bookingid': 14189}, {'bookingid': 12305}, {'bookingid': 7975}, {'bookingid': 8417}, {'bookingid': 5852}, {'bookingid': 9165}, {'bookingid': 13923}, {'bookingid': 6620}, {'bookingid': 1046}, {'bookingid': 5581}, {'bookingid': 15223}, {'bookingid': 7135}, {'bookingid': 583}, {'bookingid': 7994}, {'bookingid': 1677}, {'bookingid': 10456}, {'bookingid': 9394}, {'bookingid': 18165}, {'bookingid': 919}, {'bookingid': 7460}, {'bookingid': 17948}, {'bookingid': 14783}, {'bookingid': 6196}, {'bookingid': 55}, {'bookingid': 8376}, {'bookingid': 7608}, {'bookingid': 6276}, {'bookingid': 2997}, {'bookingid': 1516}, {'bookingid': 4610}, {'bookingid': 9679}, {'bookingid': 10608}, {'bookingid': 10554}, {'bookingid': 5657}, {'bookingid': 10196}, {'bookingid': 9100}, {'bookingid': 5543}, {'bookingid': 5645}, {'bookingid': 1766}, {'bookingid': 4656}, {'bookingid': 9683}, {'bookingid': 7650}, {'bookingid': 1714}, {'bookingid': 1076}, {'bookingid': 5661}, {'bookingid': 8177}, {'bookingid': 15673}, {'bookingid': 4589}, {'bookingid': 6151}, {'bookingid': 748}, {'bookingid': 8107}, {'bookingid': 9362}, {'bookingid': 7838}, {'bookingid': 14111}, {'bookingid': 391}, {'bookingid': 12352}, {'bookingid': 14413}, {'bookingid': 6214}, {'bookingid': 7306}, {'bookingid': 9548}, {'bookingid': 56}, {'bookingid': 8941}, {'bookingid': 16948}, {'bookingid': 6450}, {'bookingid': 6761}, {'bookingid': 1417}, {'bookingid': 843}, {'bookingid': 6362}, {'bookingid': 10172}, {'bookingid': 9345}, {'bookingid': 4559}, {'bookingid': 8784}, {'bookingid': 8452}, {'bookingid': 5353}, {'bookingid': 8091}, {'bookingid': 6517}, {'bookingid': 1371}, {'bookingid': 8183}, {'bookingid': 685}, {'bookingid': 1697}, {'bookingid': 8374}, {'bookingid': 6666}, {'bookingid': 6420}, {'bookingid': 10238}, {'bookingid': 7829}, {'bookingid': 6540}, {'bookingid': 7633}, {'bookingid': 1376}, {'bookingid': 763}, {'bookingid': 8615}, {'bookingid': 10164}, {'bookingid': 10755}, {'bookingid': 18044}, {'bookingid': 15612}, {'bookingid': 14829}, {'bookingid': 13}, {'bookingid': 5770}, {'bookingid': 15166}, {'bookingid': 15641}, {'bookingid': 9088}, {'bookingid': 1316}, {'bookingid': 7794}, {'bookingid': 6976}, {'bookingid': 1730}, {'bookingid': 9767}, {'bookingid': 7760}, {'bookingid': 1780}, {'bookingid': 5198}, {'bookingid': 1164}, {'bookingid': 14492}, {'bookingid': 6704}, {'bookingid': 2944}, {'bookingid': 744}, {'bookingid': 8723}, {'bookingid': 4829}, {'bookingid': 10765}, {'bookingid': 4883}, {'bookingid': 5474}, {'bookingid': 7813}, {'bookingid': 514}, {'bookingid': 10093}, {'bookingid': 7730}, {'bookingid': 13945}, {'bookingid': 14000}, {'bookingid': 8672}, {'bookingid': 13420}, {'bookingid': 7389}, {'bookingid': 8526}, {'bookingid': 10015}, {'bookingid': 6480}, {'bookingid': 526}, {'bookingid': 1289}, {'bookingid': 9746}, {'bookingid': 8735}, {'bookingid': 6951}, {'bookingid': 4730}, {'bookingid': 1913}, {'bookingid': 15763}, {'bookingid': 13877}, {'bookingid': 5475}, {'bookingid': 5067}, {'bookingid': 15551}, {'bookingid': 15243}, {'bookingid': 1042}, {'bookingid': 15118}, {'bookingid': 12326}, {'bookingid': 15204}, {'bookingid': 910}, {'bookingid': 1162}, {'bookingid': 5807}, {'bookingid': 7918}, {'bookingid': 9253}, {'bookingid': 10071}, {'bookingid': 9134}, {'bookingid': 10745}, {'bookingid': 8461}, {'bookingid': 1691}, {'bookingid': 5587}, {'bookingid': 11300}, {'bookingid': 6991}, {'bookingid': 7137}, {'bookingid': 6566}, {'bookingid': 619}, {'bookingid': 9688}, {'bookingid': 5005}, {'bookingid': 1674}, {'bookingid': 6996}, {'bookingid': 8093}, {'bookingid': 10361}, {'bookingid': 4947}, {'bookingid': 1727}, {'bookingid': 9065}, {'bookingid': 7140}, {'bookingid': 5423}, {'bookingid': 207}, {'bookingid': 5087}, {'bookingid': 6240}, {'bookingid': 5469}, {'bookingid': 12350}, {'bookingid': 17670}, {'bookingid': 7519}, {'bookingid': 6907}, {'bookingid': 14765}, {'bookingid': 729}, {'bookingid': 135}, {'bookingid': 1749}, {'bookingid': 14583}, {'bookingid': 7120}, {'bookingid': 354}, {'bookingid': 8228}, {'bookingid': 2936}, {'bookingid': 15069}, {'bookingid': 6189}, {'bookingid': 297}, {'bookingid': 9125}, {'bookingid': 15619}, {'bookingid': 14918}, {'bookingid': 7292}, {'bookingid': 13943}, {'bookingid': 7018}, {'bookingid': 9524}, {'bookingid': 10487}, {'bookingid': 3013}, {'bookingid': 15309}, {'bookingid': 7122}, {'bookingid': 6273}, {'bookingid': 372}, {'bookingid': 1712}, {'bookingid': 8045}, {'bookingid': 7643}, {'bookingid': 594}, {'bookingid': 5216}, {'bookingid': 7592}, {'bookingid': 8125}, {'bookingid': 14404}, {'bookingid': 7903}, {'bookingid': 9509}, {'bookingid': 6716}, {'bookingid': 8163}, {'bookingid': 8145}, {'bookingid': 4725}, {'bookingid': 8823}, {'bookingid': 9235}, {'bookingid': 8911}, {'bookingid': 8776}, {'bookingid': 5653}, {'bookingid': 5389}, {'bookingid': 9106}, {'bookingid': 6921}, {'bookingid': 1147}, {'bookingid': 10504}, {'bookingid': 14712}, {'bookingid': 6412}, {'bookingid': 13860}, {'bookingid': 12339}, {'bookingid': 5220}]</msg>
<msg timestamp="20220918 17:10:17.940" level="INFO">the booking id is 18160</msg>
<msg timestamp="20220918 17:10:17.942" level="INFO">${check_id_exists} = False</msg>
<status status="PASS" starttime="20220918 17:10:17.877" endtime="20220918 17:10:17.942"/>
</kw>
<kw name="Should Not Be True" library="BuiltIn">
<arg>${check_id_exists}</arg>
<arg>fail to delete booking id ${booking_id}, search result is ${list_booking_id}</arg>
<doc>Fails if the given condition is true.</doc>
<status status="PASS" starttime="20220918 17:10:17.943" endtime="20220918 17:10:17.946"/>
</kw>
<tag>ALL</tag>
<tag>BOOKING</tag>
<tag>SANATY</tag>
<status status="PASS" starttime="20220918 17:10:14.869" endtime="20220918 17:10:17.946"/>
</test>
<doc>Testing the login functiolity of the application</doc>
<status status="FAIL" starttime="20220918 17:10:00.557" endtime="20220918 17:10:17.948"/>
</suite>
<statistics>
<total>
<stat pass="5" fail="1" skip="0">All Tests</stat>
</total>
<tag>
<stat pass="5" fail="1" skip="0">ALL</stat>
<stat pass="5" fail="1" skip="0">BOOKING</stat>
<stat pass="5" fail="1" skip="0">SANATY</stat>
</tag>
<suite>
<stat pass="5" fail="1" skip="0" id="s1" name="Booking">Booking</stat>
</suite>
</statistics>
<errors>
<msg timestamp="20220918 17:10:00.938" level="WARN">No auth is been set for request</msg>
</errors>
</robot>
